This is pdfTeX, Version 3.14159265-2.6-1.40.21 (TeX Live 2020/W32TeX) (preloaded format=pdflatex 2020.12.21)  11 AUG 2022 01:39
entering extended mode
 restricted \write18 enabled.
 file:line:error style messages enabled.
 %&-line parsing enabled.
**"c:/Users/Schobert/Desktop/Education/Cours MP Etoile/Cours/Français/Livres Le Travail/Virgile - Les Georgiques/Vocabulaire incompris.tex"
(c:/Users/Schobert/Desktop/Education/Cours MP Etoile/Cours/Français/Livres Le Travail/Virgile - Les Georgiques/Vocabulaire incompris.tex
LaTeX2e <2020-10-01> patch level 2
L3 programming layer <2020-12-07> xparse <2020-03-03> (c:/texlive/2020/texmf-dist/tex/latex/base/article.cls
Document Class: article 2020/04/10 v1.4m Standard LaTeX document class
(c:/texlive/2020/texmf-dist/tex/latex/base/size11.clo
File: size11.clo 2020/04/10 v1.4m Standard LaTeX file (size option)
)
\c@part=\count177
\c@section=\count178
\c@subsection=\count179
\c@subsubsection=\count180
\c@paragraph=\count181
\c@subparagraph=\count182
\c@figure=\count183
\c@table=\count184
\abovecaptionskip=\skip47
\belowcaptionskip=\skip48
\bibindent=\dimen138
) (c:/texlive/2020/texmf-dist/tex/latex/bookmark/bookmark.sty
Package: bookmark 2020-11-06 v1.29 PDF bookmarks (HO)
 (c:/texlive/2020/texmf-dist/tex/latex/hyperref/hyperref.sty
Package: hyperref 2020-05-15 v7.00e Hypertext links for LaTeX
 (c:/texlive/2020/texmf-dist/tex/generic/ltxcmds/ltxcmds.sty
Package: ltxcmds 2020-05-10 v1.25 LaTeX kernel commands for general use (HO)
) (c:/texlive/2020/texmf-dist/tex/generic/iftex/iftex.sty
Package: iftex 2020/03/06 v1.0d TeX engine tests
) (c:/texlive/2020/texmf-dist/tex/generic/pdftexcmds/pdftexcmds.sty
Package: pdftexcmds 2020-06-27 v0.33 Utility functions of pdfTeX for LuaTeX (HO)
 (c:/texlive/2020/texmf-dist/tex/generic/infwarerr/infwarerr.sty
Package: infwarerr 2019/12/03 v1.5 Providing info/warning/error messages (HO)
)
Package pdftexcmds Info: \pdf@primitive is available.
Package pdftexcmds Info: \pdf@ifprimitive is available.
Package pdftexcmds Info: \pdfdraftmode found.
) (c:/texlive/2020/texmf-dist/tex/latex/graphics/keyval.sty
Package: keyval 2014/10/28 v1.15 key=value parser (DPC)
\KV@toks@=\toks15
) (c:/texlive/2020/texmf-dist/tex/generic/kvsetkeys/kvsetkeys.sty
Package: kvsetkeys 2019/12/15 v1.18 Key value parser (HO)
) (c:/texlive/2020/texmf-dist/tex/generic/kvdefinekeys/kvdefinekeys.sty
Package: kvdefinekeys 2019-12-19 v1.6 Define keys (HO)
) (c:/texlive/2020/texmf-dist/tex/generic/pdfescape/pdfescape.sty
Package: pdfescape 2019/12/09 v1.15 Implements pdfTeX's escape features (HO)
) (c:/texlive/2020/texmf-dist/tex/latex/hycolor/hycolor.sty
Package: hycolor 2020-01-27 v1.10 Color options for hyperref/bookmark (HO)
) (c:/texlive/2020/texmf-dist/tex/latex/letltxmacro/letltxmacro.sty
Package: letltxmacro 2019/12/03 v1.6 Let assignment for LaTeX macros (HO)
) (c:/texlive/2020/texmf-dist/tex/latex/auxhook/auxhook.sty
Package: auxhook 2019-12-17 v1.6 Hooks for auxiliary files (HO)
) (c:/texlive/2020/texmf-dist/tex/latex/kvoptions/kvoptions.sty
Package: kvoptions 2020-10-07 v3.14 Key value format for package options (HO)
)
\@linkdim=\dimen139
\Hy@linkcounter=\count185
\Hy@pagecounter=\count186
 (c:/texlive/2020/texmf-dist/tex/latex/hyperref/pd1enc.def
File: pd1enc.def 2020-05-15 v7.00e Hyperref: PDFDocEncoding definition (HO)
Now handling font encoding PD1 ...
... no UTF-8 mapping file for font encoding PD1
) (c:/texlive/2020/texmf-dist/tex/generic/intcalc/intcalc.sty
Package: intcalc 2019/12/15 v1.3 Expandable calculations with integers (HO)
) (c:/texlive/2020/texmf-dist/tex/generic/etexcmds/etexcmds.sty
Package: etexcmds 2019/12/15 v1.7 Avoid name clashes with e-TeX commands (HO)
)
\Hy@SavedSpaceFactor=\count187
Package hyperref Info: Hyper figures OFF on input line 4464.
Package hyperref Info: Link nesting OFF on input line 4469.
Package hyperref Info: Hyper index ON on input line 4472.
Package hyperref Info: Plain pages OFF on input line 4479.
Package hyperref Info: Backreferencing OFF on input line 4484.
Package hyperref Info: Implicit mode ON; LaTeX internals redefined.
Package hyperref Info: Bookmarks ON on input line 4717.
\c@Hy@tempcnt=\count188
 (c:/texlive/2020/texmf-dist/tex/latex/url/url.sty
\Urlmuskip=\muskip16
Package: url 2013/09/16  ver 3.4  Verb mode for urls, etc.
)
LaTeX Info: Redefining \url on input line 5076.
\XeTeXLinkMargin=\dimen140
 (c:/texlive/2020/texmf-dist/tex/generic/bitset/bitset.sty
Package: bitset 2019/12/09 v1.3 Handle bit-vector datatype (HO)
 (c:/texlive/2020/texmf-dist/tex/generic/bigintcalc/bigintcalc.sty
Package: bigintcalc 2019/12/15 v1.5 Expandable calculations on big integers (HO)
))
\Fld@menulength=\count189
\Field@Width=\dimen141
\Fld@charsize=\dimen142
Package hyperref Info: Hyper figures OFF on input line 6347.
Package hyperref Info: Link nesting OFF on input line 6352.
Package hyperref Info: Hyper index ON on input line 6355.
Package hyperref Info: backreferencing OFF on input line 6362.
Package hyperref Info: Link coloring OFF on input line 6367.
Package hyperref Info: Link coloring with OCG OFF on input line 6372.
Package hyperref Info: PDF/A mode OFF on input line 6377.
LaTeX Info: Redefining \ref on input line 6417.
LaTeX Info: Redefining \pageref on input line 6421.
 (c:/texlive/2020/texmf-dist/tex/latex/base/atbegshi-ltx.sty
Package: atbegshi-ltx 2020/08/17 v1.0a Emulation of the original atbegshi package
with kernel methods
)
\Hy@abspage=\count190
\c@Item=\count191
\c@Hfootnote=\count192
)
Package hyperref Info: Driver (autodetected): hpdftex.
 (c:/texlive/2020/texmf-dist/tex/latex/hyperref/hpdftex.def
File: hpdftex.def 2020-05-15 v7.00e Hyperref driver for pdfTeX
 (c:/texlive/2020/texmf-dist/tex/latex/base/atveryend-ltx.sty
Package: atveryend-ltx 2020/08/19 v1.0a Emulation of the original atvery package
with kernel methods
)
\Fld@listcount=\count193
\c@bookmark@seq@number=\count194
 (c:/texlive/2020/texmf-dist/tex/latex/rerunfilecheck/rerunfilecheck.sty
Package: rerunfilecheck 2019/12/05 v1.9 Rerun checks for auxiliary files (HO)
 (c:/texlive/2020/texmf-dist/tex/generic/uniquecounter/uniquecounter.sty
Package: uniquecounter 2019/12/15 v1.4 Provide unlimited unique counter (HO)
)
Package uniquecounter Info: New unique counter `rerunfilecheck' on input line 286.
)
\Hy@SectionHShift=\skip49
) (c:/texlive/2020/texmf-dist/tex/latex/bookmark/bkm-pdftex.def
File: bkm-pdftex.def 2020-11-06 v1.29 bookmark driver for pdfTeX (HO)
\BKM@id=\count195
)) (c:/texlive/2020/texmf-dist/tex/latex/base/inputenc.sty
Package: inputenc 2020/08/01 v1.3d Input encoding file
\inpenc@prehook=\toks16
\inpenc@posthook=\toks17
) (c:/texlive/2020/texmf-dist/tex/latex/base/fontenc.sty
Package: fontenc 2020/08/10 v2.0s Standard LaTeX package
) (c:/texlive/2020/texmf-dist/tex/latex/lm/lmodern.sty
Package: lmodern 2009/10/30 v1.6 Latin Modern Fonts
LaTeX Font Info:    Overwriting symbol font `operators' in version `normal'
(Font)                  OT1/cmr/m/n --> OT1/lmr/m/n on input line 22.
LaTeX Font Info:    Overwriting symbol font `letters' in version `normal'
(Font)                  OML/cmm/m/it --> OML/lmm/m/it on input line 23.
LaTeX Font Info:    Overwriting symbol font `symbols' in version `normal'
(Font)                  OMS/cmsy/m/n --> OMS/lmsy/m/n on input line 24.
LaTeX Font Info:    Overwriting symbol font `largesymbols' in version `normal'
(Font)                  OMX/cmex/m/n --> OMX/lmex/m/n on input line 25.
LaTeX Font Info:    Overwriting symbol font `operators' in version `bold'
(Font)                  OT1/cmr/bx/n --> OT1/lmr/bx/n on input line 26.
LaTeX Font Info:    Overwriting symbol font `letters' in version `bold'
(Font)                  OML/cmm/b/it --> OML/lmm/b/it on input line 27.
LaTeX Font Info:    Overwriting symbol font `symbols' in version `bold'
(Font)                  OMS/cmsy/b/n --> OMS/lmsy/b/n on input line 28.
LaTeX Font Info:    Overwriting symbol font `largesymbols' in version `bold'
(Font)                  OMX/cmex/m/n --> OMX/lmex/m/n on input line 29.
LaTeX Font Info:    Overwriting math alphabet `\mathbf' in version `normal'
(Font)                  OT1/cmr/bx/n --> OT1/lmr/bx/n on input line 31.
LaTeX Font Info:    Overwriting math alphabet `\mathsf' in version `normal'
(Font)                  OT1/cmss/m/n --> OT1/lmss/m/n on input line 32.
LaTeX Font Info:    Overwriting math alphabet `\mathit' in version `normal'
(Font)                  OT1/cmr/m/it --> OT1/lmr/m/it on input line 33.
LaTeX Font Info:    Overwriting math alphabet `\mathtt' in version `normal'
(Font)                  OT1/cmtt/m/n --> OT1/lmtt/m/n on input line 34.
LaTeX Font Info:    Overwriting math alphabet `\mathbf' in version `bold'
(Font)                  OT1/cmr/bx/n --> OT1/lmr/bx/n on input line 35.
LaTeX Font Info:    Overwriting math alphabet `\mathsf' in version `bold'
(Font)                  OT1/cmss/bx/n --> OT1/lmss/bx/n on input line 36.
LaTeX Font Info:    Overwriting math alphabet `\mathit' in version `bold'
(Font)                  OT1/cmr/bx/it --> OT1/lmr/bx/it on input line 37.
LaTeX Font Info:    Overwriting math alphabet `\mathtt' in version `bold'
(Font)                  OT1/cmtt/m/n --> OT1/lmtt/m/n on input line 38.
) (c:/texlive/2020/texmf-dist/tex/latex/graphics/graphicx.sty
Package: graphicx 2020/09/09 v1.2b Enhanced LaTeX Graphics (DPC,SPQR)
 (c:/texlive/2020/texmf-dist/tex/latex/graphics/graphics.sty
Package: graphics 2020/08/30 v1.4c Standard LaTeX Graphics (DPC,SPQR)
 (c:/texlive/2020/texmf-dist/tex/latex/graphics/trig.sty
Package: trig 2016/01/03 v1.10 sin cos tan (DPC)
) (c:/texlive/2020/texmf-dist/tex/latex/graphics-cfg/graphics.cfg
File: graphics.cfg 2016/06/04 v1.11 sample graphics configuration
)
Package graphics Info: Driver file: pdftex.def on input line 105.
 (c:/texlive/2020/texmf-dist/tex/latex/graphics-def/pdftex.def
File: pdftex.def 2020/10/05 v1.2a Graphics/color driver for pdftex
))
\Gin@req@height=\dimen143
\Gin@req@width=\dimen144
) (c:/texlive/2020/texmf-dist/tex/generic/babel/babel.sty
Package: babel 2020/12/16 3.52 The Babel package
 (c:/texlive/2020/texmf-dist/tex/generic/babel/babel.def
File: babel.def 2020/12/16 3.52 Babel common definitions
\babel@savecnt=\count196
\U@D=\dimen145
\l@babelnohyphens=\language86
 (c:/texlive/2020/texmf-dist/tex/generic/babel/txtbabel.def)
\bbl@readstream=\read2
)
\bbl@dirlevel=\count197
 (c:/texlive/2020/texmf-dist/tex/generic/babel-french/french.ldf
Language: french 2020/10/10 v3.5l French support from the babel system
Package babel Info: \l@acadian = using hyphenrules for french
(babel)             (\language28) on input line 91.
Package babel Info: \l@canadien = using hyphenrules for french
(babel)             (\language28) on input line 92.
\FB@nonchar=\count198
Package babel Info: Making : an active character on input line 430.
Package babel Info: Making ; an active character on input line 431.
Package babel Info: Making ! an active character on input line 432.
Package babel Info: Making ? an active character on input line 433.
\FBguill@level=\count199
\FBold@everypar=\toks18
\FB@Mht=\dimen146
\mc@charclass=\count266
\mc@charfam=\count267
\mc@charslot=\count268
\std@mcc=\count269
\dec@mcc=\count270
\listindentFB=\dimen147
\descindentFB=\dimen148
\labelindentFB=\dimen149
\labelwidthFB=\dimen150
\leftmarginFB=\dimen151
\parindentFFN=\dimen152
\FBfnindent=\dimen153
)) (c:/texlive/2020/texmf-dist/tex/latex/carlisle/scalefnt.sty) (c:/texlive/2020/texmf-dist/tex/latex/geometry/geometry.sty
Package: geometry 2020/01/02 v5.9 Page Geometry
 (c:/texlive/2020/texmf-dist/tex/generic/iftex/ifvtex.sty
Package: ifvtex 2019/10/25 v1.7 ifvtex legacy package. Use iftex instead.
)
\Gm@cnth=\count271
\Gm@cntv=\count272
\c@Gm@tempcnt=\count273
\Gm@bindingoffset=\dimen154
\Gm@wd@mp=\dimen155
\Gm@odd@mp=\dimen156
\Gm@even@mp=\dimen157
\Gm@layoutwidth=\dimen158
\Gm@layoutheight=\dimen159
\Gm@layouthoffset=\dimen160
\Gm@layoutvoffset=\dimen161
\Gm@dimlist=\toks19
) (c:/texlive/2020/texmf-dist/tex/latex/amsfonts/eucal.sty
Package: eucal 2009/06/22 v3.00 Euler Script fonts
LaTeX Font Info:    Overwriting math alphabet `\EuScript' in version `bold'
(Font)                  U/eus/m/n --> U/eus/b/n on input line 33.
) (c:/texlive/2020/texmf-dist/tex/latex/caption/caption.sty
Package: caption 2020/10/26 v3.5g Customizing captions (AR)
 (c:/texlive/2020/texmf-dist/tex/latex/caption/caption3.sty
Package: caption3 2020/10/21 v2.2e caption3 kernel (AR)
\captionmargin=\dimen162
\captionmargin@=\dimen163
\captionwidth=\dimen164
\caption@tempdima=\dimen165
\caption@indent=\dimen166
\caption@parindent=\dimen167
\caption@hangindent=\dimen168
Package caption Info: Standard document class detected.
Package caption Info: french babel package is loaded.
)
\c@caption@flags=\count274
\c@continuedfloat=\count275
Package caption Info: hyperref package is loaded.
) (c:/texlive/2020/texmf-dist/tex/latex/float/float.sty
Package: float 2001/11/08 v1.3d Float enhancements (AL)
\c@float@type=\count276
\float@exts=\toks20
\float@box=\box47
\@float@everytoks=\toks21
\@floatcapt=\box48
) (c:/texlive/2020/texmf-dist/tex/latex/amsmath/amsmath.sty
Package: amsmath 2020/09/23 v2.17i AMS math features
\@mathmargin=\skip50

For additional information on amsmath, use the `?' option.
(c:/texlive/2020/texmf-dist/tex/latex/amsmath/amstext.sty
Package: amstext 2000/06/29 v2.01 AMS text
 (c:/texlive/2020/texmf-dist/tex/latex/amsmath/amsgen.sty
File: amsgen.sty 1999/11/30 v2.0 generic functions
\@emptytoks=\toks22
\ex@=\dimen169
)) (c:/texlive/2020/texmf-dist/tex/latex/amsmath/amsbsy.sty
Package: amsbsy 1999/11/29 v1.2d Bold Symbols
\pmbraise@=\dimen170
) (c:/texlive/2020/texmf-dist/tex/latex/amsmath/amsopn.sty
Package: amsopn 2016/03/08 v2.02 operator names
)
\inf@bad=\count277
LaTeX Info: Redefining \frac on input line 234.
\uproot@=\count278
\leftroot@=\count279
LaTeX Info: Redefining \overline on input line 399.
\classnum@=\count280
\DOTSCASE@=\count281
LaTeX Info: Redefining \ldots on input line 496.
LaTeX Info: Redefining \dots on input line 499.
LaTeX Info: Redefining \cdots on input line 620.
\Mathstrutbox@=\box49
\strutbox@=\box50
\big@size=\dimen171
LaTeX Font Info:    Redeclaring font encoding OML on input line 743.
LaTeX Font Info:    Redeclaring font encoding OMS on input line 744.
\macc@depth=\count282
\c@MaxMatrixCols=\count283
\dotsspace@=\muskip17
\c@parentequation=\count284
\dspbrk@lvl=\count285
\tag@help=\toks23
\row@=\count286
\column@=\count287
\maxfields@=\count288
\andhelp@=\toks24
\eqnshift@=\dimen172
\alignsep@=\dimen173
\tagshift@=\dimen174
\tagwidth@=\dimen175
\totwidth@=\dimen176
\lineht@=\dimen177
\@envbody=\toks25
\multlinegap=\skip51
\multlinetaggap=\skip52
\mathdisplay@stack=\toks26
LaTeX Info: Redefining \[ on input line 2923.
LaTeX Info: Redefining \] on input line 2924.
) (c:/texlive/2020/texmf-dist/tex/latex/amsfonts/amssymb.sty
Package: amssymb 2013/01/14 v3.01 AMS font symbols
 (c:/texlive/2020/texmf-dist/tex/latex/amsfonts/amsfonts.sty
Package: amsfonts 2013/01/14 v3.01 Basic AMSFonts support
\symAMSa=\mathgroup4
\symAMSb=\mathgroup5
LaTeX Font Info:    Redeclaring math symbol \hbar on input line 98.
LaTeX Font Info:    Overwriting math alphabet `\mathfrak' in version `bold'
(Font)                  U/euf/m/n --> U/euf/b/n on input line 106.
)) (c:/texlive/2020/texmf-dist/tex/latex/graphics/color.sty
Package: color 2020/02/24 v1.2b Standard LaTeX Color (DPC)
 (c:/texlive/2020/texmf-dist/tex/latex/graphics-cfg/color.cfg
File: color.cfg 2016/01/02 v1.6 sample color configuration
)
Package color Info: Driver file: pdftex.def on input line 147.
) (c:/texlive/2020/texmf-dist/tex/latex/cancel/cancel.sty
Package: cancel 2013/04/12 v2.2 Cancel math terms
) (c:/texlive/2020/texmf-dist/tex/latex/pgf/frontendlayer/tikz.sty (c:/texlive/2020/texmf-dist/tex/latex/pgf/basiclayer/pgf.sty (c:/texlive/2020/texmf-dist/tex/latex/pgf/utilities/pgfrcs.sty (c:/texlive/2020/texmf-dist/tex/generic/pgf/utilities/pgfutil-common.tex
\pgfutil@everybye=\toks27
\pgfutil@tempdima=\dimen178
\pgfutil@tempdimb=\dimen179
 (c:/texlive/2020/texmf-dist/tex/generic/pgf/utilities/pgfutil-common-lists.tex)) (c:/texlive/2020/texmf-dist/tex/generic/pgf/utilities/pgfutil-latex.def
\pgfutil@abb=\box51
) (c:/texlive/2020/texmf-dist/tex/generic/pgf/utilities/pgfrcs.code.tex (c:/texlive/2020/texmf-dist/tex/generic/pgf/pgf.revision.tex)
Package: pgfrcs 2020/12/01 v3.1.7a (3.1.7a)
))
Package: pgf 2020/12/01 v3.1.7a (3.1.7a)
 (c:/texlive/2020/texmf-dist/tex/latex/pgf/basiclayer/pgfcore.sty (c:/texlive/2020/texmf-dist/tex/latex/pgf/systemlayer/pgfsys.sty (c:/texlive/2020/texmf-dist/tex/generic/pgf/systemlayer/pgfsys.code.tex
Package: pgfsys 2020/12/01 v3.1.7a (3.1.7a)
 (c:/texlive/2020/texmf-dist/tex/generic/pgf/utilities/pgfkeys.code.tex
\pgfkeys@pathtoks=\toks28
\pgfkeys@temptoks=\toks29
 (c:/texlive/2020/texmf-dist/tex/generic/pgf/utilities/pgfkeysfiltered.code.tex
\pgfkeys@tmptoks=\toks30
))
\pgf@x=\dimen180
\pgf@y=\dimen181
\pgf@xa=\dimen182
\pgf@ya=\dimen183
\pgf@xb=\dimen184
\pgf@yb=\dimen185
\pgf@xc=\dimen186
\pgf@yc=\dimen187
\pgf@xd=\dimen188
\pgf@yd=\dimen189
\w@pgf@writea=\write3
\r@pgf@reada=\read3
\c@pgf@counta=\count289
\c@pgf@countb=\count290
\c@pgf@countc=\count291
\c@pgf@countd=\count292
\t@pgf@toka=\toks31
\t@pgf@tokb=\toks32
\t@pgf@tokc=\toks33
\pgf@sys@id@count=\count293
 (c:/texlive/2020/texmf-dist/tex/generic/pgf/systemlayer/pgf.cfg
File: pgf.cfg 2020/12/01 v3.1.7a (3.1.7a)
)
Driver file for pgf: pgfsys-pdftex.def
 (c:/texlive/2020/texmf-dist/tex/generic/pgf/systemlayer/pgfsys-pdftex.def
File: pgfsys-pdftex.def 2020/12/01 v3.1.7a (3.1.7a)
 (c:/texlive/2020/texmf-dist/tex/generic/pgf/systemlayer/pgfsys-common-pdf.def
File: pgfsys-common-pdf.def 2020/12/01 v3.1.7a (3.1.7a)
))) (c:/texlive/2020/texmf-dist/tex/generic/pgf/systemlayer/pgfsyssoftpath.code.tex
File: pgfsyssoftpath.code.tex 2020/12/01 v3.1.7a (3.1.7a)
\pgfsyssoftpath@smallbuffer@items=\count294
\pgfsyssoftpath@bigbuffer@items=\count295
) (c:/texlive/2020/texmf-dist/tex/generic/pgf/systemlayer/pgfsysprotocol.code.tex
File: pgfsysprotocol.code.tex 2020/12/01 v3.1.7a (3.1.7a)
)) (c:/texlive/2020/texmf-dist/tex/latex/xcolor/xcolor.sty
Package: xcolor 2016/05/11 v2.12 LaTeX color extensions (UK)
 (c:/texlive/2020/texmf-dist/tex/latex/graphics-cfg/color.cfg
File: color.cfg 2016/01/02 v1.6 sample color configuration
)
Package xcolor Info: Driver file: pdftex.def on input line 225.
LaTeX Info: Redefining \color on input line 709.
Package xcolor Info: Model `cmy' substituted by `cmy0' on input line 1348.
Package xcolor Info: Model `hsb' substituted by `rgb' on input line 1352.
Package xcolor Info: Model `RGB' extended on input line 1364.
Package xcolor Info: Model `HTML' substituted by `rgb' on input line 1366.
Package xcolor Info: Model `Hsb' substituted by `hsb' on input line 1367.
Package xcolor Info: Model `tHsb' substituted by `hsb' on input line 1368.
Package xcolor Info: Model `HSB' substituted by `hsb' on input line 1369.
Package xcolor Info: Model `Gray' substituted by `gray' on input line 1370.
Package xcolor Info: Model `wave' substituted by `hsb' on input line 1371.
) (c:/texlive/2020/texmf-dist/tex/generic/pgf/basiclayer/pgfcore.code.tex
Package: pgfcore 2020/12/01 v3.1.7a (3.1.7a)
 (c:/texlive/2020/texmf-dist/tex/generic/pgf/math/pgfmath.code.tex (c:/texlive/2020/texmf-dist/tex/generic/pgf/math/pgfmathcalc.code.tex (c:/texlive/2020/texmf-dist/tex/generic/pgf/math/pgfmathutil.code.tex) (c:/texlive/2020/texmf-dist/tex/generic/pgf/math/pgfmathparser.code.tex
\pgfmath@dimen=\dimen190
\pgfmath@count=\count296
\pgfmath@box=\box52
\pgfmath@toks=\toks34
\pgfmath@stack@operand=\toks35
\pgfmath@stack@operation=\toks36
) (c:/texlive/2020/texmf-dist/tex/generic/pgf/math/pgfmathfunctions.code.tex (c:/texlive/2020/texmf-dist/tex/generic/pgf/math/pgfmathfunctions.basic.code.tex) (c:/texlive/2020/texmf-dist/tex/generic/pgf/math/pgfmathfunctions.trigonometric.code.tex) (c:/texlive/2020/texmf-dist/tex/generic/pgf/math/pgfmathfunctions.random.code.tex) (c:/texlive/2020/texmf-dist/tex/generic/pgf/math/pgfmathfunctions.comparison.code.tex) (c:/texlive/2020/texmf-dist/tex/generic/pgf/math/pgfmathfunctions.base.code.tex) (c:/texlive/2020/texmf-dist/tex/generic/pgf/math/pgfmathfunctions.round.code.tex) (c:/texlive/2020/texmf-dist/tex/generic/pgf/math/pgfmathfunctions.misc.code.tex) (c:/texlive/2020/texmf-dist/tex/generic/pgf/math/pgfmathfunctions.integerarithmetics.code.tex))) (c:/texlive/2020/texmf-dist/tex/generic/pgf/math/pgfmathfloat.code.tex
\c@pgfmathroundto@lastzeros=\count297
)) (c:/texlive/2020/texmf-dist/tex/generic/pgf/math/pgfint.code.tex) (c:/texlive/2020/texmf-dist/tex/generic/pgf/basiclayer/pgfcorepoints.code.tex
File: pgfcorepoints.code.tex 2020/12/01 v3.1.7a (3.1.7a)
\pgf@picminx=\dimen191
\pgf@picmaxx=\dimen192
\pgf@picminy=\dimen193
\pgf@picmaxy=\dimen194
\pgf@pathminx=\dimen195
\pgf@pathmaxx=\dimen196
\pgf@pathminy=\dimen197
\pgf@pathmaxy=\dimen198
\pgf@xx=\dimen199
\pgf@xy=\dimen256
\pgf@yx=\dimen257
\pgf@yy=\dimen258
\pgf@zx=\dimen259
\pgf@zy=\dimen260
) (c:/texlive/2020/texmf-dist/tex/generic/pgf/basiclayer/pgfcorepathconstruct.code.tex
File: pgfcorepathconstruct.code.tex 2020/12/01 v3.1.7a (3.1.7a)
\pgf@path@lastx=\dimen261
\pgf@path@lasty=\dimen262
) (c:/texlive/2020/texmf-dist/tex/generic/pgf/basiclayer/pgfcorepathusage.code.tex
File: pgfcorepathusage.code.tex 2020/12/01 v3.1.7a (3.1.7a)
\pgf@shorten@end@additional=\dimen263
\pgf@shorten@start@additional=\dimen264
) (c:/texlive/2020/texmf-dist/tex/generic/pgf/basiclayer/pgfcorescopes.code.tex
File: pgfcorescopes.code.tex 2020/12/01 v3.1.7a (3.1.7a)
\pgfpic=\box53
\pgf@hbox=\box54
\pgf@layerbox@main=\box55
\pgf@picture@serial@count=\count298
) (c:/texlive/2020/texmf-dist/tex/generic/pgf/basiclayer/pgfcoregraphicstate.code.tex
File: pgfcoregraphicstate.code.tex 2020/12/01 v3.1.7a (3.1.7a)
\pgflinewidth=\dimen265
) (c:/texlive/2020/texmf-dist/tex/generic/pgf/basiclayer/pgfcoretransformations.code.tex
File: pgfcoretransformations.code.tex 2020/12/01 v3.1.7a (3.1.7a)
\pgf@pt@x=\dimen266
\pgf@pt@y=\dimen267
\pgf@pt@temp=\dimen268
) (c:/texlive/2020/texmf-dist/tex/generic/pgf/basiclayer/pgfcorequick.code.tex
File: pgfcorequick.code.tex 2020/12/01 v3.1.7a (3.1.7a)
) (c:/texlive/2020/texmf-dist/tex/generic/pgf/basiclayer/pgfcoreobjects.code.tex
File: pgfcoreobjects.code.tex 2020/12/01 v3.1.7a (3.1.7a)
) (c:/texlive/2020/texmf-dist/tex/generic/pgf/basiclayer/pgfcorepathprocessing.code.tex
File: pgfcorepathprocessing.code.tex 2020/12/01 v3.1.7a (3.1.7a)
) (c:/texlive/2020/texmf-dist/tex/generic/pgf/basiclayer/pgfcorearrows.code.tex
File: pgfcorearrows.code.tex 2020/12/01 v3.1.7a (3.1.7a)
\pgfarrowsep=\dimen269
) (c:/texlive/2020/texmf-dist/tex/generic/pgf/basiclayer/pgfcoreshade.code.tex
File: pgfcoreshade.code.tex 2020/12/01 v3.1.7a (3.1.7a)
\pgf@max=\dimen270
\pgf@sys@shading@range@num=\count299
\pgf@shadingcount=\count300
) (c:/texlive/2020/texmf-dist/tex/generic/pgf/basiclayer/pgfcoreimage.code.tex
File: pgfcoreimage.code.tex 2020/12/01 v3.1.7a (3.1.7a)
 (c:/texlive/2020/texmf-dist/tex/generic/pgf/basiclayer/pgfcoreexternal.code.tex
File: pgfcoreexternal.code.tex 2020/12/01 v3.1.7a (3.1.7a)
\pgfexternal@startupbox=\box56
)) (c:/texlive/2020/texmf-dist/tex/generic/pgf/basiclayer/pgfcorelayers.code.tex
File: pgfcorelayers.code.tex 2020/12/01 v3.1.7a (3.1.7a)
) (c:/texlive/2020/texmf-dist/tex/generic/pgf/basiclayer/pgfcoretransparency.code.tex
File: pgfcoretransparency.code.tex 2020/12/01 v3.1.7a (3.1.7a)
) (c:/texlive/2020/texmf-dist/tex/generic/pgf/basiclayer/pgfcorepatterns.code.tex
File: pgfcorepatterns.code.tex 2020/12/01 v3.1.7a (3.1.7a)
) (c:/texlive/2020/texmf-dist/tex/generic/pgf/basiclayer/pgfcorerdf.code.tex
File: pgfcorerdf.code.tex 2020/12/01 v3.1.7a (3.1.7a)
))) (c:/texlive/2020/texmf-dist/tex/generic/pgf/modules/pgfmoduleshapes.code.tex
File: pgfmoduleshapes.code.tex 2020/12/01 v3.1.7a (3.1.7a)
\pgfnodeparttextbox=\box57
) (c:/texlive/2020/texmf-dist/tex/generic/pgf/modules/pgfmoduleplot.code.tex
File: pgfmoduleplot.code.tex 2020/12/01 v3.1.7a (3.1.7a)
) (c:/texlive/2020/texmf-dist/tex/latex/pgf/compatibility/pgfcomp-version-0-65.sty
Package: pgfcomp-version-0-65 2020/12/01 v3.1.7a (3.1.7a)
\pgf@nodesepstart=\dimen271
\pgf@nodesepend=\dimen272
) (c:/texlive/2020/texmf-dist/tex/latex/pgf/compatibility/pgfcomp-version-1-18.sty
Package: pgfcomp-version-1-18 2020/12/01 v3.1.7a (3.1.7a)
)) (c:/texlive/2020/texmf-dist/tex/latex/pgf/utilities/pgffor.sty (c:/texlive/2020/texmf-dist/tex/latex/pgf/utilities/pgfkeys.sty (c:/texlive/2020/texmf-dist/tex/generic/pgf/utilities/pgfkeys.code.tex)) (c:/texlive/2020/texmf-dist/tex/latex/pgf/math/pgfmath.sty (c:/texlive/2020/texmf-dist/tex/generic/pgf/math/pgfmath.code.tex)) (c:/texlive/2020/texmf-dist/tex/generic/pgf/utilities/pgffor.code.tex
Package: pgffor 2020/12/01 v3.1.7a (3.1.7a)
 (c:/texlive/2020/texmf-dist/tex/generic/pgf/math/pgfmath.code.tex)
\pgffor@iter=\dimen273
\pgffor@skip=\dimen274
\pgffor@stack=\toks37
\pgffor@toks=\toks38
)) (c:/texlive/2020/texmf-dist/tex/generic/pgf/frontendlayer/tikz/tikz.code.tex
Package: tikz 2020/12/01 v3.1.7a (3.1.7a)
 (c:/texlive/2020/texmf-dist/tex/generic/pgf/libraries/pgflibraryplothandlers.code.tex
File: pgflibraryplothandlers.code.tex 2020/12/01 v3.1.7a (3.1.7a)
\pgf@plot@mark@count=\count301
\pgfplotmarksize=\dimen275
)
\tikz@lastx=\dimen276
\tikz@lasty=\dimen277
\tikz@lastxsaved=\dimen278
\tikz@lastysaved=\dimen279
\tikz@lastmovetox=\dimen280
\tikz@lastmovetoy=\dimen281
\tikzleveldistance=\dimen282
\tikzsiblingdistance=\dimen283
\tikz@figbox=\box58
\tikz@figbox@bg=\box59
\tikz@tempbox=\box60
\tikz@tempbox@bg=\box61
\tikztreelevel=\count302
\tikznumberofchildren=\count303
\tikznumberofcurrentchild=\count304
\tikz@fig@count=\count305
 (c:/texlive/2020/texmf-dist/tex/generic/pgf/modules/pgfmodulematrix.code.tex
File: pgfmodulematrix.code.tex 2020/12/01 v3.1.7a (3.1.7a)
\pgfmatrixcurrentrow=\count306
\pgfmatrixcurrentcolumn=\count307
\pgf@matrix@numberofcolumns=\count308
)
\tikz@expandcount=\count309
 (c:/texlive/2020/texmf-dist/tex/generic/pgf/frontendlayer/tikz/libraries/tikzlibrarytopaths.code.tex
File: tikzlibrarytopaths.code.tex 2020/12/01 v3.1.7a (3.1.7a)
))) (c:/texlive/2020/texmf-dist/tex/latex/jknapltx/mathrsfs.sty
Package: mathrsfs 1996/01/01 Math RSFS package v1.0 (jk)
\symrsfs=\mathgroup6
) (c:/texlive/2020/texmf-dist/tex/latex/esvect/esvect.sty
Package: esvect 
\symesvector=\mathgroup7
) (c:/texlive/2020/texmf-dist/tex/latex/ntheorem/ntheorem.sty
Style `ntheorem', Version 1.33 <2011/08/15>
Package: ntheorem 2011/08/15 1.33
(c:/texlive/2020/texmf-dist/tex/latex/base/ifthen.sty
Package: ifthen 2014/09/29 v1.1c Standard LaTeX ifthen package (DPC)
)
\theorem@style=\toks39
\theorem@@style=\toks40
\theorembodyfont=\toks41
\theoremnumbering=\toks42
\theorempreskipamount=\skip53
\theorempostskipamount=\skip54
\theoremframepreskipamount=\skip55
\theoremframepostskipamount=\skip56
\theoreminframepreskipamount=\skip57
\theoreminframepostskipamount=\skip58
\theorem@preskip=\toks43
\theorem@postskip=\toks44
\theorem@framepreskip=\toks45
\theorem@framepostskip=\toks46
\theorem@inframepreskip=\toks47
\theorem@inframepostskip=\toks48
\theoremindent=\dimen284
\theorem@indent=\dimen285
\theoremrightindent=\dimen286
\theorem@rightindent=\dimen287
\theoremheaderfont=\toks49
\theoremseparator=\toks50
\theoremprework=\toks51
\theorempostwork=\toks52
\theoremsymbol=\toks53
\qedsymbol=\toks54
\theoremkeyword=\toks55
\qedsymbol=\toks56
\thm@topsep=\skip59
\thm@topsepadd=\skip60
Package ntheorem Info: Standard config file ntheorem.std used on input line 1184.
 (c:/texlive/2020/texmf-dist/tex/latex/ntheorem/ntheorem.std (c:/texlive/2020/texmf-dist/tex/latex/base/latexsym.sty
Package: latexsym 1998/08/17 v2.2e Standard LaTeX package (lasy symbols)
\symlasy=\mathgroup8
LaTeX Font Info:    Overwriting symbol font `lasy' in version `bold'
(Font)                  U/lasy/m/n --> U/lasy/b/n on input line 52.
)
\c@Theorem=\count310
\c@theorem=\count311
\c@Satz=\count312
\c@satz=\count313
\c@Proposition=\count314
\c@proposition=\count315
\c@Lemma=\count316
\c@lemma=\count317
\c@Korollar=\count318
\c@korollar=\count319
\c@Corollary=\count320
\c@corollary=\count321
\c@Example=\count322
\c@example=\count323
\c@Beispiel=\count324
\c@beispiel=\count325
\c@Bemerkung=\count326
\c@bemerkung=\count327
\c@Anmerkung=\count328
\c@anmerkung=\count329
\c@Remark=\count330
\c@remark=\count331
\c@Definition=\count332
\c@definition=\count333
\c@Proof=\count334
\c@proof=\count335
\c@Beweis=\count336
\c@beweis=\count337
)) (c:/texlive/2020/texmf-dist/tex/latex/romanbar/romanbar.sty
Package: romanbar 2012/01/01 v1.0f Roman numbers with bars (HMM)
) (c:/texlive/2020/texmf-dist/tex/latex/titlesec/titlesec.sty
Package: titlesec 2019/10/16 v2.13 Sectioning titles
\ttl@box=\box62
\beforetitleunit=\skip61
\aftertitleunit=\skip62
\ttl@plus=\dimen288
\ttl@minus=\dimen289
\ttl@toksa=\toks57
\titlewidth=\dimen290
\titlewidthlast=\dimen291
\titlewidthfirst=\dimen292
)
LaTeX Font Info:    Trying to load font information for T1+lmr on input line 120.
 (c:/texlive/2020/texmf-dist/tex/latex/lm/t1lmr.fd
File: t1lmr.fd 2009/10/30 v1.6 Font defs for Latin Modern
) (c:/texlive/2020/texmf-dist/tex/latex/l3backend/l3backend-pdftex.def
File: l3backend-pdftex.def 2020-09-24 L3 backend support: PDF output (pdfTeX)
\l__kernel_color_stack_int=\count338
\l__pdf_internal_box=\box63
) (c:/Users/Schobert/Desktop/Education/Cours MP Etoile/Cours/Français/Livres Le Travail/Virgile - Les Georgiques/Vocabulaire incompris.aux)
\openout1 = `"Vocabulaire incompris.aux"'.

LaTeX Font Info:    Checking defaults for OML/cmm/m/it on input line 120.
LaTeX Font Info:    ... okay on input line 120.
LaTeX Font Info:    Checking defaults for OMS/cmsy/m/n on input line 120.
LaTeX Font Info:    ... okay on input line 120.
LaTeX Font Info:    Checking defaults for OT1/cmr/m/n on input line 120.
LaTeX Font Info:    ... okay on input line 120.
LaTeX Font Info:    Checking defaults for T1/cmr/m/n on input line 120.
LaTeX Font Info:    ... okay on input line 120.
LaTeX Font Info:    Checking defaults for TS1/cmr/m/n on input line 120.
LaTeX Font Info:    ... okay on input line 120.
LaTeX Font Info:    Checking defaults for OMX/cmex/m/n on input line 120.
LaTeX Font Info:    ... okay on input line 120.
LaTeX Font Info:    Checking defaults for U/cmr/m/n on input line 120.
LaTeX Font Info:    ... okay on input line 120.
LaTeX Font Info:    Checking defaults for PD1/pdf/m/n on input line 120.
LaTeX Font Info:    ... okay on input line 120.
Package hyperref Info: Link coloring OFF on input line 120.
 (c:/texlive/2020/texmf-dist/tex/latex/hyperref/nameref.sty
Package: nameref 2019/09/16 v2.46 Cross-referencing by name of section
 (c:/texlive/2020/texmf-dist/tex/latex/refcount/refcount.sty
Package: refcount 2019/12/15 v3.6 Data extraction from label references (HO)
) (c:/texlive/2020/texmf-dist/tex/generic/gettitlestring/gettitlestring.sty
Package: gettitlestring 2019/12/15 v1.6 Cleanup title references (HO)
)
\c@section@level=\count339
)
LaTeX Info: Redefining \ref on input line 120.
LaTeX Info: Redefining \pageref on input line 120.
LaTeX Info: Redefining \nameref on input line 120.
 (c:/texlive/2020/texmf-dist/tex/context/base/mkii/supp-pdf.mkii
[Loading MPS to PDF converter (version 2006.09.02).]
\scratchcounter=\count340
\scratchdimen=\dimen293
\scratchbox=\box64
\nofMPsegments=\count341
\nofMParguments=\count342
\everyMPshowfont=\toks58
\MPscratchCnt=\count343
\MPscratchDim=\dimen294
\MPnumerator=\count344
\makeMPintoPDFobject=\count345
\everyMPtoPDFconversion=\toks59
) (c:/texlive/2020/texmf-dist/tex/latex/epstopdf-pkg/epstopdf-base.sty
Package: epstopdf-base 2020-01-24 v2.11 Base part for package epstopdf
Package epstopdf-base Info: Redefining graphics rule for `.eps' on input line 485.
 (c:/texlive/2020/texmf-dist/tex/latex/latexconfig/epstopdf-sys.cfg
File: epstopdf-sys.cfg 2010/07/13 v1.3 Configuration of (r)epstopdf for TeX Live
))
LaTeX Info: Redefining \degres on input line 120.
LaTeX Info: Redefining \dots on input line 120.
LaTeX Info: Redefining \up on input line 120.

*geometry* driver: auto-detecting
*geometry* detected driver: pdftex
*geometry* verbose mode - [ preamble ] result:
* driver: pdftex
* paper: a4paper
* layout: <same size as paper>
* layoutoffset:(h,v)=(0.0pt,0.0pt)
* modes: 
* h-part:(L,W,R)=(56.9055pt, 483.69687pt, 56.9055pt)
* v-part:(T,H,B)=(42.67912pt, 759.6886pt, 42.67912pt)
* \paperwidth=597.50787pt
* \paperheight=845.04684pt
* \textwidth=483.69687pt
* \textheight=759.6886pt
* \oddsidemargin=-15.36449pt
* \evensidemargin=-15.36449pt
* \topmargin=-66.59087pt
* \headheight=12.0pt
* \headsep=25.0pt
* \topskip=11.0pt
* \footskip=30.0pt
* \marginparwidth=50.0pt
* \marginparsep=10.0pt
* \columnsep=10.0pt
* \skip\footins=10.0pt plus 4.0pt minus 2.0pt
* \hoffset=0.0pt
* \voffset=0.0pt
* \mag=1000
* \@twocolumnfalse
* \@twosidefalse
* \@mparswitchfalse
* \@reversemarginfalse
* (1in=72.27pt=25.4mm, 1cm=28.453pt)

Package caption Info: Begin \AtBeginDocument code.
Package caption Info: float package is loaded.
Package caption Info: End \AtBeginDocument code.
LaTeX Font Info:    Trying to load font information for OT1+lmr on input line 129.
(c:/texlive/2020/texmf-dist/tex/latex/lm/ot1lmr.fd
File: ot1lmr.fd 2009/10/30 v1.6 Font defs for Latin Modern
)
LaTeX Font Info:    Trying to load font information for OML+lmm on input line 129.
 (c:/texlive/2020/texmf-dist/tex/latex/lm/omllmm.fd
File: omllmm.fd 2009/10/30 v1.6 Font defs for Latin Modern
)
LaTeX Font Info:    Trying to load font information for OMS+lmsy on input line 129.
 (c:/texlive/2020/texmf-dist/tex/latex/lm/omslmsy.fd
File: omslmsy.fd 2009/10/30 v1.6 Font defs for Latin Modern
)
LaTeX Font Info:    Trying to load font information for OMX+lmex on input line 129.
 (c:/texlive/2020/texmf-dist/tex/latex/lm/omxlmex.fd
File: omxlmex.fd 2009/10/30 v1.6 Font defs for Latin Modern
)
LaTeX Font Info:    External font `lmex10' loaded for size
(Font)              <12> on input line 129.
LaTeX Font Info:    External font `lmex10' loaded for size
(Font)              <8> on input line 129.
LaTeX Font Info:    External font `lmex10' loaded for size
(Font)              <6> on input line 129.
LaTeX Font Info:    Trying to load font information for U+msa on input line 129.
 (c:/texlive/2020/texmf-dist/tex/latex/amsfonts/umsa.fd
File: umsa.fd 2013/01/14 v3.01 AMS symbols A
)
LaTeX Font Info:    Trying to load font information for U+msb on input line 129.
 (c:/texlive/2020/texmf-dist/tex/latex/amsfonts/umsb.fd
File: umsb.fd 2013/01/14 v3.01 AMS symbols B
)
LaTeX Font Info:    Trying to load font information for U+rsfs on input line 129.
 (c:/texlive/2020/texmf-dist/tex/latex/jknapltx/ursfs.fd
File: ursfs.fd 1998/03/24 rsfs font definition file (jk)
)
LaTeX Font Info:    Trying to load font information for U+esvect on input line 129.
 (c:/texlive/2020/texmf-dist/tex/latex/esvect/uesvect.fd
File: uesvect.fd 
)
LaTeX Font Info:    Trying to load font information for U+lasy on input line 129.
 (c:/texlive/2020/texmf-dist/tex/latex/base/ulasy.fd
File: ulasy.fd 1998/08/17 v2.2e LaTeX symbol font definitions
) (c:/Users/Schobert/Desktop/Education/Cours MP Etoile/Cours/Français/Livres Le Travail/Virgile - Les Georgiques/Vocabulaire incompris.toc)
\tf@toc=\write4
\openout4 = `"Vocabulaire incompris.toc"'.

 [1

{c:/texlive/2020/texmf-var/fonts/map/pdftex/updmap/pdftex.map}] (c:/Users/Schobert/Desktop/Education/Cours MP Etoile/Cours/Français/Livres Le Travail/Virgile - Les Georgiques/Vocabulaire incompris.lof
LaTeX Font Info:    External font `lmex10' loaded for size
(Font)              <10.95> on input line 2.
 [2] [3])
\tf@lof=\write5
\openout5 = `"Vocabulaire incompris.lof"'.

 [4]
<ormeau.jpg, id=294, 344.78813pt x 344.78813pt>
File: ormeau.jpg Graphic file (type jpg)
<use ormeau.jpg>
Package pdftex.def Info: ormeau.jpg  used on input line 147.
(pdftex.def)             Requested size: 172.39363pt x 172.39363pt.
<Chaonie.png, id=295, 620.3175pt x 393.47pt>
File: Chaonie.png Graphic file (type png)
<use Chaonie.png>
Package pdftex.def Info: Chaonie.png  used on input line 154.
(pdftex.def)             Requested size: 310.15799pt x 196.73451pt.
 [5 <c:/Users/Schobert/Desktop/Education/Cours MP Etoile/Cours/Français/Livres Le Travail/Virgile - Les Georgiques/ormeau.jpg> <c:/Users/Schobert/Desktop/Education/Cours MP Etoile/Cours/Français/Livres Le Travail/Virgile - Les Georgiques/Chaonie.png>]
<Zea.png, id=313, 800.9925pt x 516.93124pt>
File: Zea.png Graphic file (type png)
<use Zea.png>
Package pdftex.def Info: Zea.png  used on input line 181.
(pdftex.def)             Requested size: 400.49527pt x 258.46498pt.
 [6]
<mont Lycee.png, id=331, 1196.47pt x 303.1325pt>
File: mont Lycee.png Graphic file (type png)
<use mont Lycee.png>
Package pdftex.def Info: mont Lycee.png  used on input line 187.
(pdftex.def)             Requested size: 598.23354pt x 151.56587pt.

Overfull \hbox (114.53667pt too wide) in paragraph at lines 187--187
 [][] 
 []

<Arcadie.png, id=332, 754.82pt x 348.30125pt>
File: Arcadie.png Graphic file (type png)
<use Arcadie.png>
Package pdftex.def Info: Arcadie.png  used on input line 188.
(pdftex.def)             Requested size: 377.40909pt x 174.15019pt.
[7 <c:/Users/Schobert/Desktop/Education/Cours MP Etoile/Cours/Français/Livres Le Travail/Virgile - Les Georgiques/Zea.png> <c:/Users/Schobert/Desktop/Education/Cours MP Etoile/Cours/Français/Livres Le Travail/Virgile - Les Georgiques/mont Lycee.png>]
<Thebes.png, id=344, 653.44125pt x 340.27126pt>
File: Thebes.png Graphic file (type png)
<use Thebes.png>
Package pdftex.def Info: Thebes.png  used on input line 190.
(pdftex.def)             Requested size: 326.71982pt x 170.13521pt.
<Arcananie Etolie.png, id=345, 685.56125pt x 344.28625pt>
File: Arcananie Etolie.png Graphic file (type png)
<use Arcananie Etolie.png>
Package pdftex.def Info: Arcananie Etolie.png  used on input line 192.
(pdftex.def)             Requested size: 342.77979pt x 172.1427pt.
<Menale.png, id=346, 1195.46625pt x 302.12875pt>
File: Menale.png Graphic file (type png)
<use Menale.png>
Package pdftex.def Info: Menale.png  used on input line 197.
(pdftex.def)             Requested size: 597.73166pt x 151.064pt.

Overfull \hbox (114.03479pt too wide) in paragraph at lines 197--197
 [][] 
 []

[8 <c:/Users/Schobert/Desktop/Education/Cours MP Etoile/Cours/Français/Livres Le Travail/Virgile - Les Georgiques/Arcadie.png> <c:/Users/Schobert/Desktop/Education/Cours MP Etoile/Cours/Français/Livres Le Travail/Virgile - Les Georgiques/Thebes.png> <c:/Users/Schobert/Desktop/Education/Cours MP Etoile/Cours/Français/Livres Le Travail/Virgile - Les Georgiques/Arcananie Etolie.png>]
<Tegee.png, id=359, 694.595pt x 364.36125pt>
File: Tegee.png Graphic file (type png)
<use Tegee.png>
Package pdftex.def Info: Tegee.png  used on input line 198.
(pdftex.def)             Requested size: 347.29665pt x 182.18018pt.
<Cypres.jpg, id=360, 291.0875pt x 438.63875pt>
File: Cypres.jpg Graphic file (type jpg)
<use Cypres.jpg>
Package pdftex.def Info: Cypres.jpg  used on input line 203.
(pdftex.def)             Requested size: 145.54338pt x 219.31883pt.
 [9 <c:/Users/Schobert/Desktop/Education/Cours MP Etoile/Cours/Français/Livres Le Travail/Virgile - Les Georgiques/Menale.png> <c:/Users/Schobert/Desktop/Education/Cours MP Etoile/Cours/Français/Livres Le Travail/Virgile - Les Georgiques/Tegee.png>]
<Soc.jpg, id=374, 803.0pt x 803.0pt>
File: Soc.jpg Graphic file (type jpg)
<use Soc.jpg>
Package pdftex.def Info: Soc.jpg  used on input line 236.
(pdftex.def)             Requested size: 160.59715pt x 160.59715pt.
 [10 <c:/Users/Schobert/Desktop/Education/Cours MP Etoile/Cours/Français/Livres Le Travail/Virgile - Les Georgiques/Cypres.jpg>]
<Tmolus.png, id=394, 796.9775pt x 377.41pt>
File: Tmolus.png Graphic file (type png)
<use Tmolus.png>
Package pdftex.def Info: Tmolus.png  used on input line 239.
(pdftex.def)             Requested size: 398.48776pt x 188.70453pt.
<Crocus.jpg, id=395, 1003.75pt x 1003.75pt>
File: Crocus.jpg Graphic file (type jpg)
<use Crocus.jpg>
Package pdftex.def Info: Crocus.jpg  used on input line 241.
(pdftex.def)             Requested size: 150.556pt x 150.556pt.
 [11 <c:/Users/Schobert/Desktop/Education/Cours MP Etoile/Cours/Français/Livres Le Travail/Virgile - Les Georgiques/Soc.jpg> <c:/Users/Schobert/Desktop/Education/Cours MP Etoile/Cours/Français/Livres Le Travail/Virgile - Les Georgiques/Tmolus.png> <c:/Users/Schobert/Desktop/Education/Cours MP Etoile/Cours/Français/Livres Le Travail/Virgile - Les Georgiques/Crocus.jpg>]
<Pont.png, id=407, 801.99625pt x 670.505pt>
File: Pont.png Graphic file (type png)
<use Pont.png>
Package pdftex.def Info: Pont.png  used on input line 245.
(pdftex.def)             Requested size: 240.60072pt x 201.15305pt.
<Elide.png, id=408, 192.72pt x 163.5711pt>
File: Elide.png Graphic file (type png)
<use Elide.png>
Package pdftex.def Info: Elide.png  used on input line 250.
(pdftex.def)             Requested size: 192.71951pt x 163.5707pt.
 [12 <c:/Users/Schobert/Desktop/Education/Cours MP Etoile/Cours/Français/Livres Le Travail/Virgile - Les Georgiques/Pont.png> <c:/Users/Schobert/Desktop/Education/Cours MP Etoile/Cours/Français/Livres Le Travail/Virgile - Les Georgiques/Elide.png (PNG copy)>]
<Lupin.jpg, id=423, 1204.5pt x 752.8125pt>
File: Lupin.jpg Graphic file (type jpg)
<use Lupin.jpg>
Package pdftex.def Info: Lupin.jpg  used on input line 266.
(pdftex.def)             Requested size: 240.89574pt x 150.55983pt.
<Lin.jpg, id=424, 1204.5pt x 889.3225pt>
File: Lin.jpg Graphic file (type jpg)
<use Lin.jpg>
Package pdftex.def Info: Lin.jpg  used on input line 268.
(pdftex.def)             Requested size: 240.89574pt x 177.86134pt.
<Avoine.jpg, id=425, 1204.5pt x 799.98875pt>
File: Avoine.jpg Graphic file (type jpg)
<use Avoine.jpg>
Package pdftex.def Info: Avoine.jpg  used on input line 270.
(pdftex.def)             Requested size: 240.89574pt x 159.99492pt.
 [13 <c:/Users/Schobert/Desktop/Education/Cours MP Etoile/Cours/Français/Livres Le Travail/Virgile - Les Georgiques/Lupin.jpg> <c:/Users/Schobert/Desktop/Education/Cours MP Etoile/Cours/Français/Livres Le Travail/Virgile - Les Georgiques/Lin.jpg>]
<Pavot.jpg, id=438, 377.41pt x 225.84375pt>
File: Pavot.jpg Graphic file (type jpg)
<use Pavot.jpg>
Package pdftex.def Info: Pavot.jpg  used on input line 274.
(pdftex.def)             Requested size: 188.70453pt x 112.92159pt.
<Chaume.jpg, id=439, 501.875pt x 376.40625pt>
File: Chaume.jpg Graphic file (type jpg)
<use Chaume.jpg>
Package pdftex.def Info: Chaume.jpg  used on input line 280.
(pdftex.def)             Requested size: 250.93687pt x 188.20265pt.
<Hoyau.jpg, id=440, 220.825pt x 165.61874pt>
File: Hoyau.jpg Graphic file (type jpg)
<use Hoyau.jpg>
Package pdftex.def Info: Hoyau.jpg  used on input line 283.
(pdftex.def)             Requested size: 110.41222pt x 82.80916pt.
 [14 <c:/Users/Schobert/Desktop/Education/Cours MP Etoile/Cours/Français/Livres Le Travail/Virgile - Les Georgiques/Avoine.jpg> <c:/Users/Schobert/Desktop/Education/Cours MP Etoile/Cours/Français/Livres Le Travail/Virgile - Les Georgiques/Pavot.jpg> <c:/Users/Schobert/Desktop/Education/Cours MP Etoile/Cours/Français/Livres Le Travail/Virgile - Les Georgiques/Chaume.jpg>]
<Mysie.png, id=450, 498.663pt x 458.39828pt>
File: Mysie.png Graphic file (type png)
<use Mysie.png>
Package pdftex.def Info: Mysie.png  used on input line 290.
(pdftex.def)             Requested size: 199.46165pt x 183.35606pt.
 [15 <c:/Users/Schobert/Desktop/Education/Cours MP Etoile/Cours/Français/Livres Le Travail/Virgile - Les Georgiques/Hoyau.jpg> <c:/Users/Schobert/Desktop/Education/Cours MP Etoile/Cours/Français/Livres Le Travail/Virgile - Les Georgiques/Mysie.png>]
<Epervier.jpg, id=469, 803.0pt x 533.995pt>
File: Epervier.jpg Graphic file (type jpg)
<use Epervier.jpg>
Package pdftex.def Info: Epervier.jpg  used on input line 321.
(pdftex.def)             Requested size: 321.1943pt x 213.59421pt.
<Chalut.jpg, id=470, 915.42pt x 514.92375pt>
File: Chalut.jpg Graphic file (type jpg)
<use Chalut.jpg>
Package pdftex.def Info: Chalut.jpg  used on input line 322.
(pdftex.def)             Requested size: 274.62811pt x 154.4783pt.
 [16 <c:/Users/Schobert/Desktop/Education/Cours MP Etoile/Cours/Français/Livres Le Travail/Virgile - Les Georgiques/Epervier.jpg>]
<Coin.jpg, id=489, 225.84375pt x 225.84375pt>
File: Coin.jpg Graphic file (type jpg)
<use Coin.jpg>
Package pdftex.def Info: Coin.jpg  used on input line 325.
(pdftex.def)             Requested size: 112.92159pt x 112.92159pt.
<Dodone.png, id=490, 753.81625pt x 400.49625pt>
File: Dodone.png Graphic file (type png)
<use Dodone.png>
Package pdftex.def Info: Dodone.png  used on input line 337.
(pdftex.def)             Requested size: 226.14662pt x 120.1498pt.
<Bardane.jpg, id=491, 299.1175pt x 225.84375pt>
File: Bardane.jpg Graphic file (type jpg)
<use Bardane.jpg>
Package pdftex.def Info: Bardane.jpg  used on input line 342.
(pdftex.def)             Requested size: 149.55838pt x 112.92159pt.
<Tribule.jpg, id=492, 249.93375pt x 225.84375pt>
File: Tribule.jpg Graphic file (type jpg)
<use Tribule.jpg>
Package pdftex.def Info: Tribule.jpg  used on input line 344.
(pdftex.def)             Requested size: 124.96657pt x 112.92159pt.
 [17 <c:/Users/Schobert/Desktop/Education/Cours MP Etoile/Cours/Français/Livres Le Travail/Virgile - Les Georgiques/Chalut.jpg> <c:/Users/Schobert/Desktop/Education/Cours MP Etoile/Cours/Français/Livres Le Travail/Virgile - Les Georgiques/Coin.jpg> <c:/Users/Schobert/Desktop/Education/Cours MP Etoile/Cours/Français/Livres Le Travail/Virgile - Les Georgiques/Dodone.png>]
<Ivraie.jpg, id=506, 374.39874pt x 225.84375pt>
File: Ivraie.jpg Graphic file (type jpg)
<use Ivraie.jpg>
Package pdftex.def Info: Ivraie.jpg  used on input line 346.
(pdftex.def)             Requested size: 187.19891pt x 112.92159pt.
<Serpe.jpg, id=507, 163.61125pt x 225.84375pt>
File: Serpe.jpg Graphic file (type jpg)
<use Serpe.jpg>
Package pdftex.def Info: Serpe.jpg  used on input line 348.
(pdftex.def)             Requested size: 81.80542pt x 112.92159pt.
 [18 <c:/Users/Schobert/Desktop/Education/Cours MP Etoile/Cours/Français/Livres Le Travail/Virgile - Les Georgiques/Bardane.jpg> <c:/Users/Schobert/Desktop/Education/Cours MP Etoile/Cours/Français/Livres Le Travail/Virgile - Les Georgiques/Tribule.jpg> <c:/Users/Schobert/Desktop/Education/Cours MP Etoile/Cours/Français/Livres Le Travail/Virgile - Les Georgiques/Ivraie.jpg> <c:/Users/Schobert/Desktop/Education/Cours MP Etoile/Cours/Français/Livres Le Travail/Virgile - Les Georgiques/Serpe.jpg>]
<Hetre.jpg, id=517, 340.27126pt x 225.84375pt>
File: Hetre.jpg Graphic file (type jpg)
<use Hetre.jpg>
Package pdftex.def Info: Hetre.jpg  used on input line 364.
(pdftex.def)             Requested size: 170.13521pt x 112.92159pt.
<Charançon.jpg, id=518, 293.095pt x 225.84375pt>
File: Charançon.jpg Graphic file (type jpg)
<use Charançon.jpg>
Package pdftex.def Info: Charançon.jpg  used on input line 367.
(pdftex.def)             Requested size: 146.54713pt x 112.92159pt.
<Amandier.jpg, id=519, 127.47626pt x 225.84375pt>
File: Amandier.jpg Graphic file (type jpg)
<use Amandier.jpg>
Package pdftex.def Info: Amandier.jpg  used on input line 368.
(pdftex.def)             Requested size: 63.73796pt x 112.92159pt.
 [19 <c:/Users/Schobert/Desktop/Education/Cours MP Etoile/Cours/Français/Livres Le Travail/Virgile - Les Georgiques/Hetre.jpg> <c:/Users/Schobert/Desktop/Education/Cours MP Etoile/Cours/Français/Livres Le Travail/Virgile - Les Georgiques/Charançon.jpg>]
<Dardanelles.png, id=542, 701.62125pt x 342.27875pt>
File: Dardanelles.png Graphic file (type png)
<use Dardanelles.png>
Package pdftex.def Info: Dardanelles.png  used on input line 378.
(pdftex.def)             Requested size: 280.64352pt x 136.90906pt.
 [20 <c:/Users/Schobert/Desktop/Education/Cours MP Etoile/Cours/Français/Livres Le Travail/Virgile - Les Georgiques/Amandier.jpg> <c:/Users/Schobert/Desktop/Education/Cours MP Etoile/Cours/Français/Livres Le Travail/Virgile - Les Georgiques/Dardanelles.png>]
<Péluse.png, id=564, 634.37pt x 376.40625pt>
File: Péluse.png Graphic file (type png)
<use Péluse.png>
Package pdftex.def Info: Péluse.png  used on input line 393.
(pdftex.def)             Requested size: 190.31245pt x 112.92273pt.
LaTeX Font Info:    Trying to load font information for TS1+lmr on input line 397.
 (c:/texlive/2020/texmf-dist/tex/latex/lm/ts1lmr.fd
File: ts1lmr.fd 2009/10/30 v1.6 Font defs for Latin Modern
)
<Scythie.png, id=565, 401.5pt x 229.85875pt>
File: Scythie.png Graphic file (type png)
<use Scythie.png>
Package pdftex.def Info: Scythie.png  used on input line 399.
(pdftex.def)             Requested size: 200.7495pt x 114.92908pt.
<Amerie.png, id=566, 700.6175pt x 295.1025pt>
File: Amerie.png Graphic file (type png)
<use Amerie.png>
Package pdftex.def Info: Amerie.png  used on input line 413.
(pdftex.def)             Requested size: 280.24203pt x 118.0389pt.
<poix noirs.jpg, id=567, 339.2675pt x 225.84375pt>
File: poix noirs.jpg Graphic file (type jpg)
<use poix noirs.jpg>
Package pdftex.def Info: poix noirs.jpg  used on input line 415.
(pdftex.def)             Requested size: 169.63333pt x 112.92159pt.
 [21 <c:/Users/Schobert/Desktop/Education/Cours MP Etoile/Cours/Français/Livres Le Travail/Virgile - Les Georgiques/Péluse.png> <c:/Users/Schobert/Desktop/Education/Cours MP Etoile/Cours/Français/Livres Le Travail/Virgile - Les Georgiques/Scythie.png>]
<Monts.png, id=591, 679.53876pt x 434.62375pt>
File: Monts.png Graphic file (type png)
<use Monts.png>
Package pdftex.def Info: Monts.png  used on input line 430.
(pdftex.def)             Requested size: 271.81068pt x 173.8464pt.
 [22 <c:/Users/Schobert/Desktop/Education/Cours MP Etoile/Cours/Français/Livres Le Travail/Virgile - Les Georgiques/Amerie.png> <c:/Users/Schobert/Desktop/Education/Cours MP Etoile/Cours/Français/Livres Le Travail/Virgile - Les Georgiques/poix noirs.jpg> <c:/Users/Schobert/Desktop/Education/Cours MP Etoile/Cours/Français/Livres Le Travail/Virgile - Les Georgiques/Monts.png>]
<Athos.png, id=608, 594.22pt x 342.27875pt>
File: Athos.png Graphic file (type png)
<use Athos.png>
Package pdftex.def Info: Athos.png  used on input line 443.
(pdftex.def)             Requested size: 207.98012pt x 119.79935pt.
<Rhodope.png, id=609, 538.01pt x 310.15875pt>
File: Rhodope.png Graphic file (type png)
<use Rhodope.png>
Package pdftex.def Info: Rhodope.png  used on input line 445.
(pdftex.def)             Requested size: 215.20018pt x 124.0613pt.
<Acrocérauniens.png, id=610, 494.84875pt x 287.0725pt>
File: Acrocérauniens.png Graphic file (type png)
<use Acrocérauniens.png>
Package pdftex.def Info: Acrocérauniens.png  used on input line 447.
(pdftex.def)             Requested size: 197.93599pt x 114.82695pt.
 [23 <c:/Users/Schobert/Desktop/Education/Cours MP Etoile/Cours/Français/Livres Le Travail/Virgile - Les Georgiques/Athos.png> <c:/Users/Schobert/Desktop/Education/Cours MP Etoile/Cours/Français/Livres Le Travail/Virgile - Les Georgiques/Rhodope.png> <c:/Users/Schobert/Desktop/Education/Cours MP Etoile/Cours/Français/Livres Le Travail/Virgile - Les Georgiques/Acrocérauniens.png>]
<Cyllène.png, id=630, 654.445pt x 383.4325pt>
File: Cyllène.png Graphic file (type png)
<use Cyllène.png>
Package pdftex.def Info: Cyllène.png  used on input line 452.
(pdftex.def)             Requested size: 196.335pt x 115.03062pt.
<Foulque.jpg, id=631, 301.125pt x 225.84375pt>
File: Foulque.jpg Graphic file (type jpg)
<use Foulque.jpg>
Package pdftex.def Info: Foulque.jpg  used on input line 455.
(pdftex.def)             Requested size: 150.56212pt x 112.92159pt.
<Héron.jpg, id=632, 339.2675pt x 225.84375pt>
File: Héron.jpg Graphic file (type jpg)
<use Héron.jpg>
Package pdftex.def Info: Héron.jpg  used on input line 456.
(pdftex.def)             Requested size: 169.63333pt x 112.92159pt.
 [24 <c:/Users/Schobert/Desktop/Education/Cours MP Etoile/Cours/Français/Livres Le Travail/Virgile - Les Georgiques/Cyllène.png> <c:/Users/Schobert/Desktop/Education/Cours MP Etoile/Cours/Français/Livres Le Travail/Virgile - Les Georgiques/Foulque.jpg> <c:/Users/Schobert/Desktop/Education/Cours MP Etoile/Cours/Français/Livres Le Travail/Virgile - Les Georgiques/Héron.jpg>]
<Caystre.png, id=649, 530.98375pt x 305.14pt>
File: Caystre.png Graphic file (type png)
<use Caystre.png>
Package pdftex.def Info: Caystre.png  used on input line 467.
(pdftex.def)             Requested size: 212.38972pt x 122.05382pt.
 [25 <c:/Users/Schobert/Desktop/Education/Cours MP Etoile/Cours/Français/Livres Le Travail/Virgile - Les Georgiques/Caystre.png>]
<Eridan.jpg, id=674, 333.245pt x 225.84375pt>
File: Eridan.jpg Graphic file (type jpg)
<use Eridan.jpg>
Package pdftex.def Info: Eridan.jpg  used on input line 495.
(pdftex.def)             Requested size: 166.62209pt x 112.92159pt.
<Emathie.png, id=675, 632.3625pt x 459.7175pt>
File: Emathie.png Graphic file (type png)
<use Emathie.png>
Package pdftex.def Info: Emathie.png  used on input line 498.
(pdftex.def)             Requested size: 189.7102pt x 137.9163pt.
<Hémus.png, id=676, 620.3175pt x 353.32pt>
File: Hémus.png Graphic file (type png)
<use Hémus.png>
Package pdftex.def Info: Hémus.png  used on input line 500.
(pdftex.def)             Requested size: 186.09668pt x 105.99681pt.
<Tibre.jpg, id=677, 235.88126pt x 225.84375pt>
File: Tibre.jpg Graphic file (type jpg)
<use Tibre.jpg>
Package pdftex.def Info: Tibre.jpg  used on input line 506.
(pdftex.def)             Requested size: 117.94034pt x 112.92159pt.
 [26 <c:/Users/Schobert/Desktop/Education/Cours MP Etoile/Cours/Français/Livres Le Travail/Virgile - Les Georgiques/Eridan.jpg> <c:/Users/Schobert/Desktop/Education/Cours MP Etoile/Cours/Français/Livres Le Travail/Virgile - Les Georgiques/Emathie.png> <c:/Users/Schobert/Desktop/Education/Cours MP Etoile/Cours/Français/Livres Le Travail/Virgile - Les Georgiques/Hémus.png>]
<Euphrate.jpg, id=693, 235.88126pt x 225.84375pt>
File: Euphrate.jpg Graphic file (type jpg)
<use Euphrate.jpg>
Package pdftex.def Info: Euphrate.jpg  used on input line 513.
(pdftex.def)             Requested size: 117.94034pt x 112.92159pt.
<genet.jpg, id=694, 361.35pt x 225.84375pt>
File: genet.jpg Graphic file (type jpg)
<use genet.jpg>
Package pdftex.def Info: genet.jpg  used on input line 534.
(pdftex.def)             Requested size: 180.67456pt x 112.92159pt.
 [27 <c:/Users/Schobert/Desktop/Education/Cours MP Etoile/Cours/Français/Livres Le Travail/Virgile - Les Georgiques/Tibre.jpg> <c:/Users/Schobert/Desktop/Education/Cours MP Etoile/Cours/Français/Livres Le Travail/Virgile - Les Georgiques/Euphrate.jpg>]
<saulaie.jpg, id=715, 339.2675pt x 225.84375pt>
File: saulaie.jpg Graphic file (type jpg)
<use saulaie.jpg>
Package pdftex.def Info: saulaie.jpg  used on input line 537.
(pdftex.def)             Requested size: 169.63333pt x 112.92159pt.
<rouvre.jpg, id=716, 127.47626pt x 225.84375pt>
File: rouvre.jpg Graphic file (type jpg)
<use rouvre.jpg>
Package pdftex.def Info: rouvre.jpg  used on input line 539.
(pdftex.def)             Requested size: 63.73796pt x 112.92159pt.
<orme.jpg, id=717, 169.63374pt x 225.84375pt>
File: orme.jpg Graphic file (type jpg)
<use orme.jpg>
Package pdftex.def Info: orme.jpg  used on input line 543.
(pdftex.def)             Requested size: 84.81665pt x 112.92159pt.
 [28 <c:/Users/Schobert/Desktop/Education/Cours MP Etoile/Cours/Français/Livres Le Travail/Virgile - Les Georgiques/genet.jpg> <c:/Users/Schobert/Desktop/Education/Cours MP Etoile/Cours/Français/Livres Le Travail/Virgile - Les Georgiques/saulaie.jpg> <c:/Users/Schobert/Desktop/Education/Cours MP Etoile/Cours/Français/Livres Le Travail/Virgile - Les Georgiques/rouvre.jpg> <c:/Users/Schobert/Desktop/Education/Cours MP Etoile/Cours/Français/Livres Le Travail/Virgile - Les Georgiques/orme.jpg>]
<Ismare.png, id=729, 521.95pt x 374.39874pt>
File: Ismare.png Graphic file (type png)
<use Ismare.png>
Package pdftex.def Info: Ismare.png  used on input line 555.
(pdftex.def)             Requested size: 156.5862pt x 112.32048pt.
<Taburne.png, id=730, 531.9875pt x 311.1625pt>
File: Taburne.png Graphic file (type png)
<use Taburne.png>
Package pdftex.def Info: Taburne.png  used on input line 557.
(pdftex.def)             Requested size: 159.59747pt x 93.34947pt.
<coudrier.jpg, id=731, 266.9975pt x 200.75pt>
File: coudrier.jpg Graphic file (type jpg)
<use coudrier.jpg>
Package pdftex.def Info: coudrier.jpg  used on input line 567.
(pdftex.def)             Requested size: 133.49841pt x 100.37474pt.
 [29 <c:/Users/Schobert/Desktop/Education/Cours MP Etoile/Cours/Français/Livres Le Travail/Virgile - Les Georgiques/Ismare.png> <c:/Users/Schobert/Desktop/Education/Cours MP Etoile/Cours/Français/Livres Le Travail/Virgile - Les Georgiques/Taburne.png>]
<frene.jpg, id=753, 361.35pt x 225.84375pt>
File: frene.jpg Graphic file (type jpg)
<use frene.jpg>
Package pdftex.def Info: frene.jpg  used on input line 570.
(pdftex.def)             Requested size: 180.67456pt x 112.92159pt.
<platane.jpg, id=754, 169.63374pt x 225.84375pt>
File: platane.jpg Graphic file (type jpg)
<use platane.jpg>
Package pdftex.def Info: platane.jpg  used on input line 577.
(pdftex.def)             Requested size: 84.81665pt x 112.92159pt.
<orne.jpg, id=755, 218.8175pt x 225.84375pt>
File: orne.jpg Graphic file (type jpg)
<use orne.jpg>
Package pdftex.def Info: orne.jpg  used on input line 579.
(pdftex.def)             Requested size: 109.40848pt x 112.92159pt.
 [30 <c:/Users/Schobert/Desktop/Education/Cours MP Etoile/Cours/Français/Livres Le Travail/Virgile - Les Georgiques/coudrier.jpg> <c:/Users/Schobert/Desktop/Education/Cours MP Etoile/Cours/Français/Livres Le Travail/Virgile - Les Georgiques/frene.jpg> <c:/Users/Schobert/Desktop/Education/Cours MP Etoile/Cours/Français/Livres Le Travail/Virgile - Les Georgiques/platane.jpg> <c:/Users/Schobert/Desktop/Education/Cours MP Etoile/Cours/Français/Livres Le Travail/Virgile - Les Georgiques/orne.jpg>]
<greffe en fente.jpeg, id=766, 52.998pt x 88.8921pt>
File: greffe en fente.jpeg Graphic file (type jpg)
<use greffe en fente.jpeg>
Package pdftex.def Info: greffe en fente.jpeg  used on input line 582.
(pdftex.def)             Requested size: 79.4968pt x 133.33781pt.
<greffe en ecusson.jpeg, id=767, 52.998pt x 33.726pt>
File: greffe en ecusson.jpeg Graphic file (type jpg)
<use greffe en ecusson.jpeg>
Package pdftex.def Info: greffe en ecusson.jpeg  used on input line 584.
(pdftex.def)             Requested size: 132.49466pt x 84.31476pt.
<crustumium.png, id=768, 577.15625pt x 311.1625pt>
File: crustumium.png Graphic file (type png)
<use crustumium.png>
Package pdftex.def Info: crustumium.png  used on input line 594.
(pdftex.def)             Requested size: 230.8584pt x 124.46278pt.
<Lesbos.png, id=769, 501.875pt x 303.1325pt>
File: Lesbos.png Graphic file (type png)
<use Lesbos.png>
Package pdftex.def Info: Lesbos.png  used on input line 596.
(pdftex.def)             Requested size: 200.74643pt x 121.25084pt.
 [31 <c:/Users/Schobert/Desktop/Education/Cours MP Etoile/Cours/Français/Livres Le Travail/Virgile - Les Georgiques/greffe en fente.jpeg> <c:/Users/Schobert/Desktop/Education/Cours MP Etoile/Cours/Français/Livres Le Travail/Virgile - Les Georgiques/greffe en ecusson.jpeg> <c:/Users/Schobert/Desktop/Education/Cours MP Etoile/Cours/Français/Livres Le Travail/Virgile - Les Georgiques/crustumium.png>]
<Methymne.png, id=788, 405.515pt x 323.2075pt>
File: Methymne.png Graphic file (type png)
<use Methymne.png>
Package pdftex.def Info: Methymne.png  used on input line 600.
(pdftex.def)             Requested size: 162.20311pt x 129.2807pt.
<Thasos.png, id=789, 550.055pt x 323.2075pt>
File: Thasos.png Graphic file (type png)
<use Thasos.png>
Package pdftex.def Info: Thasos.png  used on input line 602.
(pdftex.def)             Requested size: 220.0181pt x 129.2807pt.
<Mareotis.png, id=790, 575.14874pt x 336.25626pt>
File: Mareotis.png Graphic file (type png)
<use Mareotis.png>
Package pdftex.def Info: Mareotis.png  used on input line 604.
(pdftex.def)             Requested size: 230.05542pt x 134.5001pt.
 [32 <c:/Users/Schobert/Desktop/Education/Cours MP Etoile/Cours/Français/Livres Le Travail/Virgile - Les Georgiques/Lesbos.png> <c:/Users/Schobert/Desktop/Education/Cours MP Etoile/Cours/Français/Livres Le Travail/Virgile - Les Georgiques/Methymne.png> <c:/Users/Schobert/Desktop/Education/Cours MP Etoile/Cours/Français/Livres Le Travail/Virgile - Les Georgiques/Thasos.png> <c:/Users/Schobert/Desktop/Education/Cours MP Etoile/Cours/Français/Livres Le Travail/Virgile - Les Georgiques/Mareotis.png>]
<Rhodes.png, id=803, 403.5075pt x 200.75pt>
File: Rhodes.png Graphic file (type png)
<use Rhodes.png>
Package pdftex.def Info: Rhodes.png  used on input line 617.
(pdftex.def)             Requested size: 201.75325pt x 100.37474pt.
<Aulne.jpg, id=804, 361.35pt x 225.84375pt>
File: Aulne.jpg Graphic file (type jpg)
<use Aulne.jpg>
Package pdftex.def Info: Aulne.jpg  used on input line 628.
(pdftex.def)             Requested size: 180.67456pt x 112.92159pt.
<If.jpg, id=805, 402.50375pt x 225.84375pt>
File: If.jpg Graphic file (type jpg)
<use If.jpg>
Package pdftex.def Info: If.jpg  used on input line 633.
(pdftex.def)             Requested size: 160.99864pt x 90.33589pt.
 [33 <c:/Users/Schobert/Desktop/Education/Cours MP Etoile/Cours/Français/Livres Le Travail/Virgile - Les Georgiques/Rhodes.png> <c:/Users/Schobert/Desktop/Education/Cours MP Etoile/Cours/Français/Livres Le Travail/Virgile - Les Georgiques/Aulne.jpg>]
<Ebenier.jpg, id=826, 169.63374pt x 225.84375pt>
File: Ebenier.jpg Graphic file (type jpg)
<use Ebenier.jpg>
Package pdftex.def Info: Ebenier.jpg  used on input line 639.
(pdftex.def)             Requested size: 84.81665pt x 112.92159pt.
<Acanthe.jpg, id=827, 301.125pt x 225.84375pt>
File: Acanthe.jpg Graphic file (type jpg)
<use Acanthe.jpg>
Package pdftex.def Info: Acanthe.jpg  used on input line 641.
(pdftex.def)             Requested size: 120.44786pt x 90.33589pt.
<Medie.png, id=828, 441.65pt x 341.275pt>
File: Medie.png Graphic file (type png)
<use Medie.png>
Package pdftex.def Info: Medie.png  used on input line 645.
(pdftex.def)             Requested size: 176.65686pt x 136.50757pt.
<Gange.jpg, id=829, 402.50375pt x 225.84375pt>
File: Gange.jpg Graphic file (type jpg)
<use Gange.jpg>
Package pdftex.def Info: Gange.jpg  used on input line 648.
(pdftex.def)             Requested size: 201.25137pt x 112.92159pt.
 [34 <c:/Users/Schobert/Desktop/Education/Cours MP Etoile/Cours/Français/Livres Le Travail/Virgile - Les Georgiques/If.jpg> <c:/Users/Schobert/Desktop/Education/Cours MP Etoile/Cours/Français/Livres Le Travail/Virgile - Les Georgiques/Ebenier.jpg> <c:/Users/Schobert/Desktop/Education/Cours MP Etoile/Cours/Français/Livres Le Travail/Virgile - Les Georgiques/Acanthe.jpg> <c:/Users/Schobert/Desktop/Education/Cours MP Etoile/Cours/Français/Livres Le Travail/Virgile - Les Georgiques/Medie.png>]
<Gediz.png, id=841, 281.05pt x 85.31876pt>
File: Gediz.png Graphic file (type png)
<use Gediz.png>
Package pdftex.def Info: Gediz.png  used on input line 650.
(pdftex.def)             Requested size: 281.0493pt x 85.31853pt.
<Bactres.png, id=842, 429.605pt x 249.93375pt>
File: Bactres.png Graphic file (type png)
<use Bactres.png>
Package pdftex.def Info: Bactres.png  used on input line 652.
(pdftex.def)             Requested size: 214.80197pt x 124.96657pt.
LaTeX Font Info:    Trying to load font information for T1+lmss on input line 654.
 (c:/texlive/2020/texmf-dist/tex/latex/lm/t1lmss.fd
File: t1lmss.fd 2009/10/30 v1.6 Font defs for Latin Modern
)
<Aconit.jpg, id=843, 301.125pt x 225.84375pt>
File: Aconit.jpg Graphic file (type jpg)
<use Aconit.jpg>
Package pdftex.def Info: Aconit.jpg  used on input line 664.
(pdftex.def)             Requested size: 150.56212pt x 112.92159pt.
 [35 <c:/Users/Schobert/Desktop/Education/Cours MP Etoile/Cours/Français/Livres Le Travail/Virgile - Les Georgiques/Gange.jpg> <c:/Users/Schobert/Desktop/Education/Cours MP Etoile/Cours/Français/Livres Le Travail/Virgile - Les Georgiques/Gediz.png> <c:/Users/Schobert/Desktop/Education/Cours MP Etoile/Cours/Français/Livres Le Travail/Virgile - Les Georgiques/Bactres.png>]
<Mer Adriatique et Tyrrhénienne.jpg, id=863, 923.45pt x 926.46124pt>
File: Mer Adriatique et Tyrrhénienne.jpg Graphic file (type jpg)
<use Mer Adriatique et Tyrrhénienne.jpg>
Package pdftex.def Info: Mer Adriatique et Tyrrhénienne.jpg  used on input line 667.
(pdftex.def)             Requested size: 277.03712pt x 277.9405pt.
<Come.png, id=864, 637.38126pt x 375.4025pt>
File: Come.png Graphic file (type png)
<use Come.png>
Package pdftex.def Info: Come.png  used on input line 669.
(pdftex.def)             Requested size: 191.21585pt x 112.62161pt.
<Garde.png, id=865, 477.785pt x 261.97874pt>
File: Garde.png Graphic file (type png)
<use Garde.png>
Package pdftex.def Info: Garde.png  used on input line 671.
(pdftex.def)             Requested size: 143.3366pt x 78.59422pt.
 [36 <c:/Users/Schobert/Desktop/Education/Cours MP Etoile/Cours/Français/Livres Le Travail/Virgile - Les Georgiques/Aconit.jpg> <c:/Users/Schobert/Desktop/Education/Cours MP Etoile/Cours/Français/Livres Le Travail/Virgile - Les Georgiques/Mer Adriatique et Tyrrhénienne.jpg> <c:/Users/Schobert/Desktop/Education/Cours MP Etoile/Cours/Français/Livres Le Travail/Virgile - Les Georgiques/Come.png>]
<Lucrin.png, id=874, 548.0475pt x 313.17pt>
File: Lucrin.png Graphic file (type png)
<use Lucrin.png>
Package pdftex.def Info: Lucrin.png  used on input line 674.
(pdftex.def)             Requested size: 164.41551pt x 93.95172pt.
<Averne.png, id=875, 543.02875pt x 336.25626pt>
File: Averne.png Graphic file (type png)
<use Averne.png>
Package pdftex.def Info: Averne.png  used on input line 676.
(pdftex.def)             Requested size: 162.90987pt x 100.87766pt.
<Celano.png, id=876, 600.2425pt x 339.2675pt>
File: Celano.png Graphic file (type png)
<use Celano.png>
Package pdftex.def Info: Celano.png  used on input line 678.
(pdftex.def)             Requested size: 180.07413pt x 101.78102pt.
<Gênes.png, id=877, 562.1pt x 335.2525pt>
File: Gênes.png Graphic file (type png)
<use Gênes.png>
Package pdftex.def Info: Gênes.png  used on input line 681.
(pdftex.def)             Requested size: 168.6313pt x 100.57652pt.
 [37 <c:/Users/Schobert/Desktop/Education/Cours MP Etoile/Cours/Français/Livres Le Travail/Virgile - Les Georgiques/Garde.png> <c:/Users/Schobert/Desktop/Education/Cours MP Etoile/Cours/Français/Livres Le Travail/Virgile - Les Georgiques/Lucrin.png> <c:/Users/Schobert/Desktop/Education/Cours MP Etoile/Cours/Français/Livres Le Travail/Virgile - Les Georgiques/Averne.png> <c:/Users/Schobert/Desktop/Education/Cours MP Etoile/Cours/Français/Livres Le Travail/Virgile - Les Georgiques/Celano.png>]
<Latium.png, id=892, 607.26875pt x 291.0875pt>
File: Latium.png Graphic file (type png)
<use Latium.png>
Package pdftex.def Info: Latium.png  used on input line 684.
(pdftex.def)             Requested size: 182.18202pt x 87.32692pt.
<Tarente.png, id=893, 501.875pt x 361.35pt>
File: Tarente.png Graphic file (type png)
<use Tarente.png>
Package pdftex.def Info: Tarente.png  used on input line 707.
(pdftex.def)             Requested size: 150.56366pt x 108.40584pt.
 [38 <c:/Users/Schobert/Desktop/Education/Cours MP Etoile/Cours/Français/Livres Le Travail/Virgile - Les Georgiques/Gênes.png> <c:/Users/Schobert/Desktop/Education/Cours MP Etoile/Cours/Français/Livres Le Travail/Virgile - Les Georgiques/Latium.png>]
<Mincio.png, id=919, 418.56375pt x 265.99374pt>
File: Mincio.png Graphic file (type png)
<use Mincio.png>
Package pdftex.def Info: Mincio.png  used on input line 711.
(pdftex.def)             Requested size: 167.42252pt x 106.3956pt.
<Serpolet.jpg, id=920, 259.97125pt x 225.84375pt>
File: Serpolet.jpg Graphic file (type jpg)
<use Serpolet.jpg>
Package pdftex.def Info: Serpolet.jpg  used on input line 720.
(pdftex.def)             Requested size: 129.9853pt x 112.92159pt.
<Romarin.jpg, id=921, 225.84375pt x 225.84375pt>
File: Romarin.jpg Graphic file (type jpg)
<use Romarin.jpg>
Package pdftex.def Info: Romarin.jpg  used on input line 722.
(pdftex.def)             Requested size: 112.92159pt x 112.92159pt.
 [39 <c:/Users/Schobert/Desktop/Education/Cours MP Etoile/Cours/Français/Livres Le Travail/Virgile - Les Georgiques/Tarente.png> <c:/Users/Schobert/Desktop/Education/Cours MP Etoile/Cours/Français/Livres Le Travail/Virgile - Les Georgiques/Mincio.png> <c:/Users/Schobert/Desktop/Education/Cours MP Etoile/Cours/Français/Livres Le Travail/Virgile - Les Georgiques/Serpolet.jpg> <c:/Users/Schobert/Desktop/Education/Cours MP Etoile/Cours/Français/Livres Le Travail/Virgile - Les Georgiques/Romarin.jpg>]
<Capoue.png, id=933, 463.7325pt x 262.9825pt>
File: Capoue.png Graphic file (type png)
<use Capoue.png>
Package pdftex.def Info: Capoue.png  used on input line 727.
(pdftex.def)             Requested size: 231.86568pt x 131.49092pt.
<Clain.png, id=934, 724.7075pt x 328.22626pt>
File: Clain.png Graphic file (type png)
<use Clain.png>
Package pdftex.def Info: Clain.png  used on input line 729.
(pdftex.def)             Requested size: 289.87787pt x 131.28816pt.
<Acerre.png, id=935, 597.23125pt x 308.15125pt>
File: Acerre.png Graphic file (type png)
<use Acerre.png>
Package pdftex.def Info: Acerre.png  used on input line 731.
(pdftex.def)             Requested size: 238.88826pt x 123.2583pt.
 [40 <c:/Users/Schobert/Desktop/Education/Cours MP Etoile/Cours/Français/Livres Le Travail/Virgile - Les Georgiques/Capoue.png> <c:/Users/Schobert/Desktop/Education/Cours MP Etoile/Cours/Français/Livres Le Travail/Virgile - Les Georgiques/Clain.png> <c:/Users/Schobert/Desktop/Education/Cours MP Etoile/Cours/Français/Livres Le Travail/Virgile - Les Georgiques/Acerre.png>] [41]
<Houx.jpg, id=986, 301.125pt x 225.84375pt>
File: Houx.jpg Graphic file (type jpg)
<use Houx.jpg>
Package pdftex.def Info: Houx.jpg  used on input line 783.
(pdftex.def)             Requested size: 150.56212pt x 112.92159pt.
<Cytise.jpg, id=987, 252.945pt x 225.84375pt>
File: Cytise.jpg Graphic file (type jpg)
<use Cytise.jpg>
Package pdftex.def Info: Cytise.jpg  used on input line 794.
(pdftex.def)             Requested size: 126.47218pt x 112.92159pt.
<Cytore.png, id=988, 714.67pt x 338.26375pt>
File: Cytore.png Graphic file (type png)
<use Cytore.png>
Package pdftex.def Info: Cytore.png  used on input line 796.
(pdftex.def)             Requested size: 214.40265pt x 101.4799pt.
<Buis.jpg, id=989, 225.84375pt x 225.84375pt>
File: Buis.jpg Graphic file (type jpg)
<use Buis.jpg>
Package pdftex.def Info: Buis.jpg  used on input line 798.
(pdftex.def)             Requested size: 112.92159pt x 112.92159pt.
 [42 <c:/Users/Schobert/Desktop/Education/Cours MP Etoile/Cours/Français/Livres Le Travail/Virgile - Les Georgiques/Houx.jpg> <c:/Users/Schobert/Desktop/Education/Cours MP Etoile/Cours/Français/Livres Le Travail/Virgile - Les Georgiques/Cytise.jpg> <c:/Users/Schobert/Desktop/Education/Cours MP Etoile/Cours/Français/Livres Le Travail/Virgile - Les Georgiques/Cytore.png>]
<Naryce.png, id=1004, 708.6475pt x 357.335pt>
File: Naryce.png Graphic file (type png)
<use Naryce.png>
Package pdftex.def Info: Naryce.png  used on input line 801.
(pdftex.def)             Requested size: 212.59589pt x 107.20132pt.
<Cornouiller.jpg, id=1005, 246.6816pt x 164.5347pt>
File: Cornouiller.jpg Graphic file (type jpg)
<use Cornouiller.jpg>
Package pdftex.def Info: Cornouiller.jpg  used on input line 805.
(pdftex.def)             Requested size: 123.34048pt x 82.26714pt.
<Ituree.png, id=1006, 548.0475pt x 502.87875pt>
File: Ituree.png Graphic file (type png)
<use Ituree.png>
Package pdftex.def Info: Ituree.png  used on input line 807.
(pdftex.def)             Requested size: 164.41551pt x 150.86478pt.
 [43 <c:/Users/Schobert/Desktop/Education/Cours MP Etoile/Cours/Français/Livres Le Travail/Virgile - Les Georgiques/Buis.jpg> <c:/Users/Schobert/Desktop/Education/Cours MP Etoile/Cours/Français/Livres Le Travail/Virgile - Les Georgiques/Naryce.png> <c:/Users/Schobert/Desktop/Education/Cours MP Etoile/Cours/Français/Livres Le Travail/Virgile - Les Georgiques/Cornouiller.jpg> <c:/Users/Schobert/Desktop/Education/Cours MP Etoile/Cours/Français/Livres Le Travail/Virgile - Les Georgiques/Ituree.png>]
<Corinthe.png, id=1020, 815.29594pt x 547.2947pt>
File: Corinthe.png Graphic file (type png)
<use Corinthe.png>
Package pdftex.def Info: Corinthe.png  used on input line 820.
(pdftex.def)             Requested size: 244.59067pt x 164.18967pt.
<Assyrie.jpg, id=1021, 652.4375pt x 583.17876pt>
File: Assyrie.jpg Graphic file (type jpg)
<use Assyrie.jpg>
Package pdftex.def Info: Assyrie.jpg  used on input line 822.
(pdftex.def)             Requested size: 195.73276pt x 174.95497pt.
 [44 <c:/Users/Schobert/Desktop/Education/Cours MP Etoile/Cours/Français/Livres Le Travail/Virgile - Les Georgiques/Corinthe.png> <c:/Users/Schobert/Desktop/Education/Cours MP Etoile/Cours/Français/Livres Le Travail/Virgile - Les Georgiques/Assyrie.jpg>]
<Taygete.png, id=1041, 674.52pt x 443.40656pt>
File: Taygete.png Graphic file (type png)
<use Taygete.png>
Package pdftex.def Info: Taygete.png  used on input line 832.
(pdftex.def)             Requested size: 202.35756pt x 133.02298pt.
<Laconie.png, id=1042, 525.46312pt x 293.59688pt>
File: Laconie.png Graphic file (type png)
<use Laconie.png>
Package pdftex.def Info: Laconie.png  used on input line 834.
(pdftex.def)             Requested size: 236.45622pt x 132.11736pt.
<Danube.jpg, id=1043, 1003.75pt x 479.7925pt>
File: Danube.jpg Graphic file (type jpg)
<use Danube.jpg>
Package pdftex.def Info: Danube.jpg  used on input line 851.
(pdftex.def)             Requested size: 301.12732pt x 143.93884pt.
 [45 <c:/Users/Schobert/Desktop/Education/Cours MP Etoile/Cours/Français/Livres Le Travail/Virgile - Les Georgiques/Taygete.png> <c:/Users/Schobert/Desktop/Education/Cours MP Etoile/Cours/Français/Livres Le Travail/Virgile - Les Georgiques/Laconie.png>]
<Sarra.png, id=1064, 342.5297pt x 284.56313pt>
File: Sarra.png Graphic file (type png)
<use Sarra.png>
Package pdftex.def Info: Sarra.png  used on input line 857.
(pdftex.def)             Requested size: 154.13693pt x 128.05222pt.
<Sicyone.png, id=1065, 651.93562pt x 494.59781pt>
File: Sicyone.png Graphic file (type png)
<use Sicyone.png>
Package pdftex.def Info: Sicyone.png  used on input line 861.
(pdftex.def)             Requested size: 162.9835pt x 123.64914pt.
 [46 <c:/Users/Schobert/Desktop/Education/Cours MP Etoile/Cours/Français/Livres Le Travail/Virgile - Les Georgiques/Danube.jpg> <c:/Users/Schobert/Desktop/Education/Cours MP Etoile/Cours/Français/Livres Le Travail/Virgile - Les Georgiques/Sarra.png> <c:/Users/Schobert/Desktop/Education/Cours MP Etoile/Cours/Français/Livres Le Travail/Virgile - Les Georgiques/Sicyone.png>]
<Etrurie.png, id=1081, 260.975pt x 317.185pt>
File: Etrurie.png Graphic file (type png)
<use Etrurie.png>
Package pdftex.def Info: Etrurie.png  used on input line 867.
(pdftex.def)             Requested size: 130.48718pt x 158.5921pt.
<Délos.png, id=1082, 829.59938pt x 526.96875pt>
File: Délos.png Graphic file (type png)
<use Délos.png>
Package pdftex.def Info: Délos.png  used on input line 887.
(pdftex.def)             Requested size: 248.88173pt x 158.09184pt.
 [47 <c:/Users/Schobert/Desktop/Education/Cours MP Etoile/Cours/Français/Livres Le Travail/Virgile - Les Georgiques/Etrurie.png>]
<Cynthe.png, id=1103, 629.35126pt x 362.10281pt>
File: Cynthe.png Graphic file (type png)
<use Cynthe.png>
Package pdftex.def Info: Cynthe.png  used on input line 891.
(pdftex.def)             Requested size: 251.73604pt x 144.83855pt.
<Aonien.png, id=1104, 607.51968pt x 443.40656pt>
File: Aonien.png Graphic file (type png)
<use Aonien.png>
Package pdftex.def Info: Aonien.png  used on input line 899.
(pdftex.def)             Requested size: 243.00356pt x 177.35948pt.
 [48 <c:/Users/Schobert/Desktop/Education/Cours MP Etoile/Cours/Français/Livres Le Travail/Virgile - Les Georgiques/Délos.png> <c:/Users/Schobert/Desktop/Education/Cours MP Etoile/Cours/Français/Livres Le Travail/Virgile - Les Georgiques/Cynthe.png>]
<Béotie.png, id=1117, 404.26031pt x 319.1925pt>
File: Béotie.png Graphic file (type png)
<use Béotie.png>
Package pdftex.def Info: Béotie.png  used on input line 902.
(pdftex.def)             Requested size: 202.12965pt x 159.59586pt.
<Idumée.png, id=1118, 220.825pt x 262.9825pt>
File: Idumée.png Graphic file (type png)
<use Idumée.png>
Package pdftex.def Info: Idumée.png  used on input line 904.
(pdftex.def)             Requested size: 110.41222pt x 131.49092pt.
<Alphée.png, id=1119, 246.6816pt x 193.2018pt>
File: Alphée.png Graphic file (type png)
<use Alphée.png>
Package pdftex.def Info: Alphée.png  used on input line 906.
(pdftex.def)             Requested size: 123.34048pt x 96.60065pt.
 [49 <c:/Users/Schobert/Desktop/Education/Cours MP Etoile/Cours/Français/Livres Le Travail/Virgile - Les Georgiques/Aonien.png> <c:/Users/Schobert/Desktop/Education/Cours MP Etoile/Cours/Français/Livres Le Travail/Virgile - Les Georgiques/Béotie.png> <c:/Users/Schobert/Desktop/Education/Cours MP Etoile/Cours/Français/Livres Le Travail/Virgile - Les Georgiques/Idumée.png>]
<Paros.png, id=1131, 509.65407pt x 402.00188pt>
File: Paros.png Graphic file (type png)
<use Paros.png>
Package pdftex.def Info: Paros.png  used on input line 915.
(pdftex.def)             Requested size: 203.858pt x 160.7979pt.
<Cithéron.png, id=1132, 575.14874pt x 377.15906pt>
File: Cithéron.png Graphic file (type png)
<use Cithéron.png>
Package pdftex.def Info: Cithéron.png  used on input line 923.
(pdftex.def)             Requested size: 230.05542pt x 150.86095pt.
 [50 <c:/Users/Schobert/Desktop/Education/Cours MP Etoile/Cours/Français/Livres Le Travail/Virgile - Les Georgiques/Alphée.png> <c:/Users/Schobert/Desktop/Education/Cours MP Etoile/Cours/Français/Livres Le Travail/Virgile - Les Georgiques/Paros.png>]
<Bai.jpg, id=1152, 158.994pt x 128.6406pt>
File: Bai.jpg Graphic file (type jpg)
<use Bai.jpg>
Package pdftex.def Info: Bai.jpg  used on input line 938.
(pdftex.def)             Requested size: 79.4968pt x 64.32013pt.
<Alezan.jpg, id=1153, 158.994pt x 106.2369pt>
File: Alezan.jpg Graphic file (type jpg)
<use Alezan.jpg>
Package pdftex.def Info: Alezan.jpg  used on input line 940.
(pdftex.def)             Requested size: 79.4968pt x 53.1183pt.
 [51 <c:/Users/Schobert/Desktop/Education/Cours MP Etoile/Cours/Français/Livres Le Travail/Virgile - Les Georgiques/Cithéron.png> <c:/Users/Schobert/Desktop/Education/Cours MP Etoile/Cours/Français/Livres Le Travail/Virgile - Les Georgiques/Bai.jpg> <c:/Users/Schobert/Desktop/Education/Cours MP Etoile/Cours/Français/Livres Le Travail/Virgile - Les Georgiques/Alezan.jpg>]
<Sélé.png, id=1171, 559.33969pt x 340.27126pt>
File: Sélé.png Graphic file (type png)
<use Sélé.png>
Package pdftex.def Info: Sélé.png  used on input line 952.
(pdftex.def)             Requested size: 223.7319pt x 136.10608pt.
<Alburne.png, id=1172, 458.46281pt x 344.78813pt>
File: Alburne.png Graphic file (type png)
<use Alburne.png>
Package pdftex.def Info: Alburne.png  used on input line 954.
(pdftex.def)             Requested size: 229.23083pt x 172.39363pt.
 [52 <c:/Users/Schobert/Desktop/Education/Cours MP Etoile/Cours/Français/Livres Le Travail/Virgile - Les Georgiques/Sélé.png> <c:/Users/Schobert/Desktop/Education/Cours MP Etoile/Cours/Français/Livres Le Travail/Virgile - Les Georgiques/Alburne.png>]
<Ulve.jpg, id=1193, 803.0pt x 602.25pt>
File: Ulve.jpg Graphic file (type jpg)
<use Ulve.jpg>
Package pdftex.def Info: Ulve.jpg  used on input line 963.
(pdftex.def)             Requested size: 160.59715pt x 120.44786pt.
<Laîche.jpg, id=1194, 640.3925pt x 853.1875pt>
File: Laîche.jpg Graphic file (type jpg)
<use Laîche.jpg>
Package pdftex.def Info: Laîche.jpg  used on input line 983.
(pdftex.def)             Requested size: 128.07622pt x 170.63448pt.
 [53 <c:/Users/Schobert/Desktop/Education/Cours MP Etoile/Cours/Français/Livres Le Travail/Virgile - Les Georgiques/Ulve.jpg> <c:/Users/Schobert/Desktop/Education/Cours MP Etoile/Cours/Français/Livres Le Travail/Virgile - Les Georgiques/Laîche.jpg>]
<Lucanie.png, id=1214, 623.32875pt x 433.62pt>
File: Lucanie.png Graphic file (type png)
<use Lucanie.png>
Package pdftex.def Info: Lucanie.png  used on input line 987.
(pdftex.def)             Requested size: 187.00006pt x 130.087pt.
<Ascagne.png, id=1215, 568.37344pt x 368.87813pt>
File: Ascagne.png Graphic file (type png)
<use Ascagne.png>
Package pdftex.def Info: Ascagne.png  used on input line 998.
(pdftex.def)             Requested size: 284.18602pt x 184.4386pt.
 [54 <c:/Users/Schobert/Desktop/Education/Cours MP Etoile/Cours/Français/Livres Le Travail/Virgile - Les Georgiques/Lucanie.png> <c:/Users/Schobert/Desktop/Education/Cours MP Etoile/Cours/Français/Livres Le Travail/Virgile - Les Georgiques/Ascagne.png>]
<Milet.png, id=1234, 192.72pt x 88.6512pt>
File: Milet.png Graphic file (type png)
<use Milet.png>
Package pdftex.def Info: Milet.png  used on input line 1008.
(pdftex.def)             Requested size: 192.71951pt x 88.65097pt.
<chardonneret.jpg, id=1235, 803.0pt x 608.2725pt>
File: chardonneret.jpg Graphic file (type jpg)
<use chardonneret.jpg>
Package pdftex.def Info: chardonneret.jpg  used on input line 1016.
(pdftex.def)             Requested size: 160.59715pt x 121.65234pt.
<Méotide.png, id=1236, 803.0pt x 561.09625pt>
File: Méotide.png Graphic file (type png)
<use Méotide.png>
Package pdftex.def Info: Méotide.png  used on input line 1023.
(pdftex.def)             Requested size: 240.90186pt x 168.33017pt.
 [55 <c:/Users/Schobert/Desktop/Education/Cours MP Etoile/Cours/Français/Livres Le Travail/Virgile - Les Georgiques/Milet.png> <c:/Users/Schobert/Desktop/Education/Cours MP Etoile/Cours/Français/Livres Le Travail/Virgile - Les Georgiques/chardonneret.jpg>]
<Sorbe.jpg, id=1262, 1606.0pt x 1398.22375pt>
File: Sorbe.jpg Graphic file (type jpg)
<use Sorbe.jpg>
Package pdftex.def Info: Sorbe.jpg  used on input line 1029.
(pdftex.def)             Requested size: 160.6094pt x 139.83057pt.
<Mélicot.jpg, id=1263, 69.861pt x 93.2283pt>
File: Mélicot.jpg Graphic file (type jpg)
<use Mélicot.jpg>
Package pdftex.def Info: Mélicot.jpg  used on input line 1032.
(pdftex.def)             Requested size: 104.79121pt x 139.8421pt.
 [56 <c:/Users/Schobert/Desktop/Education/Cours MP Etoile/Cours/Français/Livres Le Travail/Virgile - Les Georgiques/Méotide.png> <c:/Users/Schobert/Desktop/Education/Cours MP Etoile/Cours/Français/Livres Le Travail/Virgile - Les Georgiques/Sorbe.jpg> <c:/Users/Schobert/Desktop/Education/Cours MP Etoile/Cours/Français/Livres Le Travail/Virgile - Les Georgiques/Mélicot.jpg>]
\tf@thm=\write6
\openout6 = `"Vocabulaire incompris.thm"'.

 [57] (c:/Users/Schobert/Desktop/Education/Cours MP Etoile/Cours/Français/Livres Le Travail/Virgile - Les Georgiques/Vocabulaire incompris.aux) ) 
Here is how much of TeX's memory you used:
 23257 strings out of 479382
 411426 string characters out of 5873307
 719394 words of memory out of 5000000
 39030 multiletter control sequences out of 15000+600000
 446121 words of font info for 71 fonts, out of 8000000 for 9000
 1141 hyphenation exceptions out of 8191
 80i,8n,85p,536b,541s stack positions out of 5000i,500n,10000p,200000b,80000s
{c:/texlive/2020/texmf-dist/fonts/enc/dvips/lm/lm-mathit.enc}{c:/texlive/2020/texmf-dist/fonts/enc/dvips/lm/lm-ec.enc}{c:/texlive/2020/texmf-dist/fonts/enc/dvips/lm/lm-ts1.enc}{c:/texlive/2020/texmf-dist/fonts/enc/dvips/lm/lm-mathsy.enc}{c:/texlive/2020/texmf-dist/fonts/enc/dvips/lm/lm-rm.enc}<c:/texlive/2020/texmf-dist/fonts/type1/public/lm/lmbx10.pfb><c:/texlive/2020/texmf-dist/fonts/type1/public/lm/lmbx12.pfb><c:/texlive/2020/texmf-dist/fonts/type1/public/lm/lmcsc10.pfb><c:/texlive/2020/texmf-dist/fonts/type1/public/lm/lmmi8.pfb><c:/texlive/2020/texmf-dist/fonts/type1/public/lm/lmr10.pfb><c:/texlive/2020/texmf-dist/fonts/type1/public/lm/lmr12.pfb><c:/texlive/2020/texmf-dist/fonts/type1/public/lm/lmr17.pfb><c:/texlive/2020/texmf-dist/fonts/type1/public/lm/lmss10.pfb><c:/texlive/2020/texmf-dist/fonts/type1/public/lm/lmsy10.pfb>
Output written on "c:/Users/Schobert/Desktop/Education/Cours MP Etoile/Cours/Français/Livres Le Travail/Virgile - Les Georgiques/Vocabulaire incompris.pdf" (57 pages, 13712137 bytes).
PDF statistics:
 1486 PDF objects out of 1728 (max. 8388607)
 1211 compressed objects within 13 object streams
 748 named destinations out of 1000 (max. 500000)
 682 words of extra memory for PDF output out of 10000 (max. 10000000)

